2023-11-07 08:47:39,492 - root - WARNING - WeatherFile, input relative humidity is out of range [-0.001, 1] [-]
2023-11-07 08:47:40,789 - root - WARNING - Setpoint t_sp, lower schedule goes below -50.0 °C
2023-11-07 08:47:40,789 - root - WARNING - Setpoint t_sp, lower schedule goes above 60.0 °C
2023-11-07 08:47:40,789 - root - WARNING - Setpoint h_sp, lower schedule goes below 0.0 -
2023-11-07 08:47:40,789 - root - WARNING - Setpoint h_sp, lower schedule goes above 1.0 -
2023-11-07 08:47:40,820 - root - WARNING - Setpoint t_sp, lower schedule goes below -50.0 °C
2023-11-07 08:47:40,820 - root - WARNING - Setpoint t_sp, lower schedule goes above 60.0 °C
2023-11-07 08:47:40,820 - root - WARNING - Setpoint h_sp, lower schedule goes below 0.0 -
2023-11-07 08:47:40,820 - root - WARNING - Setpoint h_sp, lower schedule goes above 1.0 -
2023-11-07 08:47:40,851 - root - WARNING - Setpoint t_sp, lower schedule goes below -50.0 °C
2023-11-07 08:47:40,851 - root - WARNING - Setpoint t_sp, lower schedule goes above 60.0 °C
2023-11-07 08:47:40,851 - root - WARNING - Setpoint h_sp, lower schedule goes below 0.0 -
2023-11-07 08:47:40,851 - root - WARNING - Setpoint h_sp, lower schedule goes above 1.0 -
2023-11-07 08:47:40,882 - root - WARNING - Setpoint t_sp, lower schedule goes below -50.0 °C
2023-11-07 08:47:40,882 - root - WARNING - Setpoint t_sp, lower schedule goes above 60.0 °C
2023-11-07 08:47:40,882 - root - WARNING - Setpoint h_sp, lower schedule goes below 0.0 -
2023-11-07 08:47:40,882 - root - WARNING - Setpoint h_sp, lower schedule goes above 1.0 -
2023-11-07 08:47:40,914 - root - WARNING - Setpoint t_sp, lower schedule goes below -50.0 °C
2023-11-07 08:47:40,914 - root - WARNING - Setpoint t_sp, lower schedule goes above 60.0 °C
2023-11-07 08:47:40,914 - root - WARNING - Setpoint h_sp, lower schedule goes below 0.0 -
2023-11-07 08:47:40,914 - root - WARNING - Setpoint h_sp, lower schedule goes above 1.0 -
2023-11-07 08:47:40,929 - root - WARNING - Setpoint t_sp, lower schedule goes below -50.0 °C
2023-11-07 08:47:40,929 - root - WARNING - Setpoint t_sp, lower schedule goes above 60.0 °C
2023-11-07 08:47:40,929 - root - WARNING - Setpoint h_sp, lower schedule goes below 0.0 -
2023-11-07 08:47:40,929 - root - WARNING - Setpoint h_sp, lower schedule goes above 1.0 -
2023-11-07 08:47:40,961 - root - WARNING - Setpoint t_sp, lower schedule goes below -50.0 °C
2023-11-07 08:47:40,961 - root - WARNING - Setpoint t_sp, lower schedule goes above 60.0 °C
2023-11-07 08:47:40,961 - root - WARNING - Setpoint h_sp, lower schedule goes below 0.0 -
2023-11-07 08:47:40,961 - root - WARNING - Setpoint h_sp, lower schedule goes above 1.0 -
2023-11-07 08:47:40,992 - root - WARNING - Setpoint t_sp, lower schedule goes below -50.0 °C
2023-11-07 08:47:40,992 - root - WARNING - Setpoint t_sp, lower schedule goes above 60.0 °C
2023-11-07 08:47:40,992 - root - WARNING - Setpoint h_sp, lower schedule goes below 0.0 -
2023-11-07 08:47:40,992 - root - WARNING - Setpoint h_sp, lower schedule goes above 1.0 -
2023-11-07 08:47:41,007 - root - WARNING - Setpoint t_sp, lower schedule goes below -50.0 °C
2023-11-07 08:47:41,007 - root - WARNING - Setpoint t_sp, lower schedule goes above 60.0 °C
2023-11-07 08:47:41,023 - root - WARNING - Setpoint h_sp, lower schedule goes below 0.0 -
2023-11-07 08:47:41,023 - root - WARNING - Setpoint h_sp, lower schedule goes above 1.0 -
2023-11-07 08:47:41,039 - root - WARNING - Setpoint t_sp, lower schedule goes below -50.0 °C
2023-11-07 08:47:41,039 - root - WARNING - Setpoint t_sp, lower schedule goes above 60.0 °C
2023-11-07 08:47:41,039 - root - WARNING - Setpoint h_sp, lower schedule goes below 0.0 -
2023-11-07 08:47:41,039 - root - WARNING - Setpoint h_sp, lower schedule goes above 1.0 -
2023-11-07 08:47:41,070 - root - WARNING - Setpoint t_sp, lower schedule goes below -50.0 °C
2023-11-07 08:47:41,070 - root - WARNING - Setpoint t_sp, lower schedule goes above 60.0 °C
2023-11-07 08:47:41,070 - root - WARNING - Setpoint h_sp, lower schedule goes below 0.0 -
2023-11-07 08:47:41,070 - root - WARNING - Setpoint h_sp, lower schedule goes above 1.0 -
2023-11-07 08:47:41,086 - root - WARNING - Setpoint t_sp, lower schedule goes below -50.0 °C
2023-11-07 08:47:41,086 - root - WARNING - Setpoint t_sp, lower schedule goes above 60.0 °C
2023-11-07 08:47:41,086 - root - WARNING - Setpoint h_sp, lower schedule goes below 0.0 -
2023-11-07 08:47:41,086 - root - WARNING - Setpoint h_sp, lower schedule goes above 1.0 -
2023-11-07 08:47:41,117 - root - WARNING - Setpoint t_sp, lower schedule goes below -50.0 °C
2023-11-07 08:47:41,117 - root - WARNING - Setpoint t_sp, lower schedule goes above 60.0 °C
2023-11-07 08:47:41,117 - root - WARNING - Setpoint h_sp, lower schedule goes below 0.0 -
2023-11-07 08:47:41,117 - root - WARNING - Setpoint h_sp, lower schedule goes above 1.0 -
2023-11-07 08:47:41,132 - root - WARNING - Setpoint t_sp, lower schedule goes below -50.0 °C
2023-11-07 08:47:41,132 - root - WARNING - Setpoint t_sp, lower schedule goes above 60.0 °C
2023-11-07 08:47:41,132 - root - WARNING - Setpoint h_sp, lower schedule goes below 0.0 -
2023-11-07 08:47:41,132 - root - WARNING - Setpoint h_sp, lower schedule goes above 1.0 -
2023-11-07 09:09:43,993 - root - WARNING - WeatherFile, input relative humidity is out of range [-0.001, 1] [-]
2023-11-07 09:09:45,289 - root - WARNING - Setpoint t_sp, lower schedule goes below -50.0 °C
2023-11-07 09:09:45,289 - root - WARNING - Setpoint t_sp, lower schedule goes above 60.0 °C
2023-11-07 09:09:45,289 - root - WARNING - Setpoint h_sp, lower schedule goes below 0.0 -
2023-11-07 09:09:45,289 - root - WARNING - Setpoint h_sp, lower schedule goes above 1.0 -
2023-11-07 09:09:45,321 - root - WARNING - Setpoint t_sp, lower schedule goes below -50.0 °C
2023-11-07 09:09:45,321 - root - WARNING - Setpoint t_sp, lower schedule goes above 60.0 °C
2023-11-07 09:09:45,321 - root - WARNING - Setpoint h_sp, lower schedule goes below 0.0 -
2023-11-07 09:09:45,321 - root - WARNING - Setpoint h_sp, lower schedule goes above 1.0 -
2023-11-07 09:09:45,352 - root - WARNING - Setpoint t_sp, lower schedule goes below -50.0 °C
2023-11-07 09:09:45,352 - root - WARNING - Setpoint t_sp, lower schedule goes above 60.0 °C
2023-11-07 09:09:45,352 - root - WARNING - Setpoint h_sp, lower schedule goes below 0.0 -
2023-11-07 09:09:45,352 - root - WARNING - Setpoint h_sp, lower schedule goes above 1.0 -
2023-11-07 09:09:45,383 - root - WARNING - Setpoint t_sp, lower schedule goes below -50.0 °C
2023-11-07 09:09:45,383 - root - WARNING - Setpoint t_sp, lower schedule goes above 60.0 °C
2023-11-07 09:09:45,383 - root - WARNING - Setpoint h_sp, lower schedule goes below 0.0 -
2023-11-07 09:09:45,383 - root - WARNING - Setpoint h_sp, lower schedule goes above 1.0 -
2023-11-07 09:09:45,414 - root - WARNING - Setpoint t_sp, lower schedule goes below -50.0 °C
2023-11-07 09:09:45,414 - root - WARNING - Setpoint t_sp, lower schedule goes above 60.0 °C
2023-11-07 09:09:45,414 - root - WARNING - Setpoint h_sp, lower schedule goes below 0.0 -
2023-11-07 09:09:45,414 - root - WARNING - Setpoint h_sp, lower schedule goes above 1.0 -
2023-11-07 09:09:45,446 - root - WARNING - Setpoint t_sp, lower schedule goes below -50.0 °C
2023-11-07 09:09:45,446 - root - WARNING - Setpoint t_sp, lower schedule goes above 60.0 °C
2023-11-07 09:09:45,446 - root - WARNING - Setpoint h_sp, lower schedule goes below 0.0 -
2023-11-07 09:09:45,446 - root - WARNING - Setpoint h_sp, lower schedule goes above 1.0 -
2023-11-07 09:09:45,477 - root - WARNING - Setpoint t_sp, lower schedule goes below -50.0 °C
2023-11-07 09:09:45,477 - root - WARNING - Setpoint t_sp, lower schedule goes above 60.0 °C
2023-11-07 09:09:45,477 - root - WARNING - Setpoint h_sp, lower schedule goes below 0.0 -
2023-11-07 09:09:45,477 - root - WARNING - Setpoint h_sp, lower schedule goes above 1.0 -
2023-11-07 09:09:45,508 - root - WARNING - Setpoint t_sp, lower schedule goes below -50.0 °C
2023-11-07 09:09:45,508 - root - WARNING - Setpoint t_sp, lower schedule goes above 60.0 °C
2023-11-07 09:09:45,508 - root - WARNING - Setpoint h_sp, lower schedule goes below 0.0 -
2023-11-07 09:09:45,508 - root - WARNING - Setpoint h_sp, lower schedule goes above 1.0 -
2023-11-07 09:09:45,555 - root - WARNING - Setpoint t_sp, lower schedule goes below -50.0 °C
2023-11-07 09:09:45,555 - root - WARNING - Setpoint t_sp, lower schedule goes above 60.0 °C
2023-11-07 09:09:45,555 - root - WARNING - Setpoint h_sp, lower schedule goes below 0.0 -
2023-11-07 09:09:45,555 - root - WARNING - Setpoint h_sp, lower schedule goes above 1.0 -
2023-11-07 09:09:45,571 - root - WARNING - Setpoint t_sp, lower schedule goes below -50.0 °C
2023-11-07 09:09:45,571 - root - WARNING - Setpoint t_sp, lower schedule goes above 60.0 °C
2023-11-07 09:09:45,571 - root - WARNING - Setpoint h_sp, lower schedule goes below 0.0 -
2023-11-07 09:09:45,571 - root - WARNING - Setpoint h_sp, lower schedule goes above 1.0 -
2023-11-07 09:09:45,602 - root - WARNING - Setpoint t_sp, lower schedule goes below -50.0 °C
2023-11-07 09:09:45,602 - root - WARNING - Setpoint t_sp, lower schedule goes above 60.0 °C
2023-11-07 09:09:45,602 - root - WARNING - Setpoint h_sp, lower schedule goes below 0.0 -
2023-11-07 09:09:45,602 - root - WARNING - Setpoint h_sp, lower schedule goes above 1.0 -
2023-11-07 09:09:45,633 - root - WARNING - Setpoint t_sp, lower schedule goes below -50.0 °C
2023-11-07 09:09:45,633 - root - WARNING - Setpoint t_sp, lower schedule goes above 60.0 °C
2023-11-07 09:09:45,633 - root - WARNING - Setpoint h_sp, lower schedule goes below 0.0 -
2023-11-07 09:09:45,633 - root - WARNING - Setpoint h_sp, lower schedule goes above 1.0 -
2023-11-07 09:09:45,649 - root - WARNING - Setpoint t_sp, lower schedule goes below -50.0 °C
2023-11-07 09:09:45,649 - root - WARNING - Setpoint t_sp, lower schedule goes above 60.0 °C
2023-11-07 09:09:45,649 - root - WARNING - Setpoint h_sp, lower schedule goes below 0.0 -
2023-11-07 09:09:45,649 - root - WARNING - Setpoint h_sp, lower schedule goes above 1.0 -
2023-11-07 09:09:45,680 - root - WARNING - Setpoint t_sp, lower schedule goes below -50.0 °C
2023-11-07 09:09:45,680 - root - WARNING - Setpoint t_sp, lower schedule goes above 60.0 °C
2023-11-07 09:09:45,680 - root - WARNING - Setpoint h_sp, lower schedule goes below 0.0 -
2023-11-07 09:09:45,680 - root - WARNING - Setpoint h_sp, lower schedule goes above 1.0 -
2023-11-07 09:20:41,981 - root - WARNING - WeatherFile, input relative humidity is out of range [-0.001, 1] [-]
2023-11-07 09:20:43,340 - root - WARNING - Setpoint t_sp, lower schedule goes below -50.0 °C
2023-11-07 09:20:43,340 - root - WARNING - Setpoint t_sp, lower schedule goes above 60.0 °C
2023-11-07 09:20:43,340 - root - WARNING - Setpoint h_sp, lower schedule goes below 0.0 -
2023-11-07 09:20:43,340 - root - WARNING - Setpoint h_sp, lower schedule goes above 1.0 -
2023-11-07 09:20:43,371 - root - WARNING - Setpoint t_sp, lower schedule goes below -50.0 °C
2023-11-07 09:20:43,371 - root - WARNING - Setpoint t_sp, lower schedule goes above 60.0 °C
2023-11-07 09:20:43,371 - root - WARNING - Setpoint h_sp, lower schedule goes below 0.0 -
2023-11-07 09:20:43,371 - root - WARNING - Setpoint h_sp, lower schedule goes above 1.0 -
2023-11-07 09:20:43,387 - root - WARNING - Setpoint t_sp, lower schedule goes below -50.0 °C
2023-11-07 09:20:43,387 - root - WARNING - Setpoint t_sp, lower schedule goes above 60.0 °C
2023-11-07 09:20:43,387 - root - WARNING - Setpoint h_sp, lower schedule goes below 0.0 -
2023-11-07 09:20:43,387 - root - WARNING - Setpoint h_sp, lower schedule goes above 1.0 -
2023-11-07 09:20:43,418 - root - WARNING - Setpoint t_sp, lower schedule goes below -50.0 °C
2023-11-07 09:20:43,418 - root - WARNING - Setpoint t_sp, lower schedule goes above 60.0 °C
2023-11-07 09:20:43,418 - root - WARNING - Setpoint h_sp, lower schedule goes below 0.0 -
2023-11-07 09:20:43,418 - root - WARNING - Setpoint h_sp, lower schedule goes above 1.0 -
2023-11-07 09:20:43,434 - root - WARNING - Setpoint t_sp, lower schedule goes below -50.0 °C
2023-11-07 09:20:43,434 - root - WARNING - Setpoint t_sp, lower schedule goes above 60.0 °C
2023-11-07 09:20:43,434 - root - WARNING - Setpoint h_sp, lower schedule goes below 0.0 -
2023-11-07 09:20:43,449 - root - WARNING - Setpoint h_sp, lower schedule goes above 1.0 -
2023-11-07 09:20:43,465 - root - WARNING - Setpoint t_sp, lower schedule goes below -50.0 °C
2023-11-07 09:20:43,465 - root - WARNING - Setpoint t_sp, lower schedule goes above 60.0 °C
2023-11-07 09:20:43,465 - root - WARNING - Setpoint h_sp, lower schedule goes below 0.0 -
2023-11-07 09:20:43,465 - root - WARNING - Setpoint h_sp, lower schedule goes above 1.0 -
2023-11-07 09:20:43,496 - root - WARNING - Setpoint t_sp, lower schedule goes below -50.0 °C
2023-11-07 09:20:43,496 - root - WARNING - Setpoint t_sp, lower schedule goes above 60.0 °C
2023-11-07 09:20:43,496 - root - WARNING - Setpoint h_sp, lower schedule goes below 0.0 -
2023-11-07 09:20:43,496 - root - WARNING - Setpoint h_sp, lower schedule goes above 1.0 -
2023-11-07 09:20:43,512 - root - WARNING - Setpoint t_sp, lower schedule goes below -50.0 °C
2023-11-07 09:20:43,512 - root - WARNING - Setpoint t_sp, lower schedule goes above 60.0 °C
2023-11-07 09:20:43,512 - root - WARNING - Setpoint h_sp, lower schedule goes below 0.0 -
2023-11-07 09:20:43,512 - root - WARNING - Setpoint h_sp, lower schedule goes above 1.0 -
2023-11-07 09:20:43,543 - root - WARNING - Setpoint t_sp, lower schedule goes below -50.0 °C
2023-11-07 09:20:43,543 - root - WARNING - Setpoint t_sp, lower schedule goes above 60.0 °C
2023-11-07 09:20:43,543 - root - WARNING - Setpoint h_sp, lower schedule goes below 0.0 -
2023-11-07 09:20:43,543 - root - WARNING - Setpoint h_sp, lower schedule goes above 1.0 -
2023-11-07 09:20:43,559 - root - WARNING - Setpoint t_sp, lower schedule goes below -50.0 °C
2023-11-07 09:20:43,559 - root - WARNING - Setpoint t_sp, lower schedule goes above 60.0 °C
2023-11-07 09:20:43,559 - root - WARNING - Setpoint h_sp, lower schedule goes below 0.0 -
2023-11-07 09:20:43,559 - root - WARNING - Setpoint h_sp, lower schedule goes above 1.0 -
2023-11-07 09:20:43,590 - root - WARNING - Setpoint t_sp, lower schedule goes below -50.0 °C
2023-11-07 09:20:43,590 - root - WARNING - Setpoint t_sp, lower schedule goes above 60.0 °C
2023-11-07 09:20:43,590 - root - WARNING - Setpoint h_sp, lower schedule goes below 0.0 -
2023-11-07 09:20:43,590 - root - WARNING - Setpoint h_sp, lower schedule goes above 1.0 -
2023-11-07 09:20:43,621 - root - WARNING - Setpoint t_sp, lower schedule goes below -50.0 °C
2023-11-07 09:20:43,621 - root - WARNING - Setpoint t_sp, lower schedule goes above 60.0 °C
2023-11-07 09:20:43,621 - root - WARNING - Setpoint h_sp, lower schedule goes below 0.0 -
2023-11-07 09:20:43,621 - root - WARNING - Setpoint h_sp, lower schedule goes above 1.0 -
2023-11-07 09:20:43,637 - root - WARNING - Setpoint t_sp, lower schedule goes below -50.0 °C
2023-11-07 09:20:43,637 - root - WARNING - Setpoint t_sp, lower schedule goes above 60.0 °C
2023-11-07 09:20:43,637 - root - WARNING - Setpoint h_sp, lower schedule goes below 0.0 -
2023-11-07 09:20:43,637 - root - WARNING - Setpoint h_sp, lower schedule goes above 1.0 -
2023-11-07 09:20:43,668 - root - WARNING - Setpoint t_sp, lower schedule goes below -50.0 °C
2023-11-07 09:20:43,668 - root - WARNING - Setpoint t_sp, lower schedule goes above 60.0 °C
2023-11-07 09:20:43,668 - root - WARNING - Setpoint h_sp, lower schedule goes below 0.0 -
2023-11-07 09:20:43,668 - root - WARNING - Setpoint h_sp, lower schedule goes above 1.0 -
2023-11-07 10:16:42,221 - root - WARNING - WeatherFile, input relative humidity is out of range [-0.001, 1] [-]
2023-11-07 10:16:43,362 - root - WARNING - Setpoint t_sp, lower schedule goes below -50.0 °C
2023-11-07 10:16:43,378 - root - WARNING - Setpoint t_sp, lower schedule goes above 60.0 °C
2023-11-07 10:16:43,378 - root - WARNING - Setpoint h_sp, lower schedule goes below 0.0 -
2023-11-07 10:16:43,378 - root - WARNING - Setpoint h_sp, lower schedule goes above 1.0 -
2023-11-07 10:16:43,397 - root - WARNING - Setpoint t_sp, lower schedule goes below -50.0 °C
2023-11-07 10:16:43,397 - root - WARNING - Setpoint t_sp, lower schedule goes above 60.0 °C
2023-11-07 10:16:43,397 - root - WARNING - Setpoint h_sp, lower schedule goes below 0.0 -
2023-11-07 10:16:43,397 - root - WARNING - Setpoint h_sp, lower schedule goes above 1.0 -
2023-11-07 10:16:43,413 - root - WARNING - Setpoint t_sp, lower schedule goes below -50.0 °C
2023-11-07 10:16:43,413 - root - WARNING - Setpoint t_sp, lower schedule goes above 60.0 °C
2023-11-07 10:16:43,413 - root - WARNING - Setpoint h_sp, lower schedule goes below 0.0 -
2023-11-07 10:16:43,413 - root - WARNING - Setpoint h_sp, lower schedule goes above 1.0 -
2023-11-07 10:16:43,444 - root - WARNING - Setpoint t_sp, lower schedule goes below -50.0 °C
2023-11-07 10:16:43,444 - root - WARNING - Setpoint t_sp, lower schedule goes above 60.0 °C
2023-11-07 10:16:43,444 - root - WARNING - Setpoint h_sp, lower schedule goes below 0.0 -
2023-11-07 10:16:43,444 - root - WARNING - Setpoint h_sp, lower schedule goes above 1.0 -
2023-11-07 10:16:43,460 - root - WARNING - Setpoint t_sp, lower schedule goes below -50.0 °C
2023-11-07 10:16:43,460 - root - WARNING - Setpoint t_sp, lower schedule goes above 60.0 °C
2023-11-07 10:16:43,460 - root - WARNING - Setpoint h_sp, lower schedule goes below 0.0 -
2023-11-07 10:16:43,460 - root - WARNING - Setpoint h_sp, lower schedule goes above 1.0 -
2023-11-07 10:16:43,475 - root - WARNING - Setpoint t_sp, lower schedule goes below -50.0 °C
2023-11-07 10:16:43,475 - root - WARNING - Setpoint t_sp, lower schedule goes above 60.0 °C
2023-11-07 10:16:43,475 - root - WARNING - Setpoint h_sp, lower schedule goes below 0.0 -
2023-11-07 10:16:43,491 - root - WARNING - Setpoint h_sp, lower schedule goes above 1.0 -
2023-11-07 10:16:43,507 - root - WARNING - Setpoint t_sp, lower schedule goes below -50.0 °C
2023-11-07 10:16:43,507 - root - WARNING - Setpoint t_sp, lower schedule goes above 60.0 °C
2023-11-07 10:16:43,507 - root - WARNING - Setpoint h_sp, lower schedule goes below 0.0 -
2023-11-07 10:16:43,507 - root - WARNING - Setpoint h_sp, lower schedule goes above 1.0 -
2023-11-07 10:16:43,522 - root - WARNING - Setpoint t_sp, lower schedule goes below -50.0 °C
2023-11-07 10:16:43,522 - root - WARNING - Setpoint t_sp, lower schedule goes above 60.0 °C
2023-11-07 10:16:43,522 - root - WARNING - Setpoint h_sp, lower schedule goes below 0.0 -
2023-11-07 10:16:43,522 - root - WARNING - Setpoint h_sp, lower schedule goes above 1.0 -
2023-11-07 10:16:43,554 - root - WARNING - Setpoint t_sp, lower schedule goes below -50.0 °C
2023-11-07 10:16:43,554 - root - WARNING - Setpoint t_sp, lower schedule goes above 60.0 °C
2023-11-07 10:16:43,554 - root - WARNING - Setpoint h_sp, lower schedule goes below 0.0 -
2023-11-07 10:16:43,554 - root - WARNING - Setpoint h_sp, lower schedule goes above 1.0 -
2023-11-07 10:16:43,569 - root - WARNING - Setpoint t_sp, lower schedule goes below -50.0 °C
2023-11-07 10:16:43,569 - root - WARNING - Setpoint t_sp, lower schedule goes above 60.0 °C
2023-11-07 10:16:43,569 - root - WARNING - Setpoint h_sp, lower schedule goes below 0.0 -
2023-11-07 10:16:43,569 - root - WARNING - Setpoint h_sp, lower schedule goes above 1.0 -
2023-11-07 10:16:43,600 - root - WARNING - Setpoint t_sp, lower schedule goes below -50.0 °C
2023-11-07 10:16:43,600 - root - WARNING - Setpoint t_sp, lower schedule goes above 60.0 °C
2023-11-07 10:16:43,600 - root - WARNING - Setpoint h_sp, lower schedule goes below 0.0 -
2023-11-07 10:16:43,600 - root - WARNING - Setpoint h_sp, lower schedule goes above 1.0 -
2023-11-07 10:16:43,616 - root - WARNING - Setpoint t_sp, lower schedule goes below -50.0 °C
2023-11-07 10:16:43,616 - root - WARNING - Setpoint t_sp, lower schedule goes above 60.0 °C
2023-11-07 10:16:43,616 - root - WARNING - Setpoint h_sp, lower schedule goes below 0.0 -
2023-11-07 10:16:43,616 - root - WARNING - Setpoint h_sp, lower schedule goes above 1.0 -
2023-11-07 10:16:43,647 - root - WARNING - Setpoint t_sp, lower schedule goes below -50.0 °C
2023-11-07 10:16:43,647 - root - WARNING - Setpoint t_sp, lower schedule goes above 60.0 °C
2023-11-07 10:16:43,647 - root - WARNING - Setpoint h_sp, lower schedule goes below 0.0 -
2023-11-07 10:16:43,647 - root - WARNING - Setpoint h_sp, lower schedule goes above 1.0 -
2023-11-07 10:16:43,663 - root - WARNING - Setpoint t_sp, lower schedule goes below -50.0 °C
2023-11-07 10:16:43,663 - root - WARNING - Setpoint t_sp, lower schedule goes above 60.0 °C
2023-11-07 10:16:43,663 - root - WARNING - Setpoint h_sp, lower schedule goes below 0.0 -
2023-11-07 10:16:43,663 - root - WARNING - Setpoint h_sp, lower schedule goes above 1.0 -
2023-11-07 10:23:02,452 - root - WARNING - WeatherFile, input relative humidity is out of range [-0.001, 1] [-]
2023-11-07 10:23:03,483 - root - WARNING - Setpoint t_sp, lower schedule goes below -50.0 °C
2023-11-07 10:23:03,483 - root - WARNING - Setpoint t_sp, lower schedule goes above 60.0 °C
2023-11-07 10:23:03,483 - root - WARNING - Setpoint h_sp, lower schedule goes below 0.0 -
2023-11-07 10:23:03,483 - root - WARNING - Setpoint h_sp, lower schedule goes above 1.0 -
2023-11-07 10:23:03,514 - root - WARNING - Setpoint t_sp, lower schedule goes below -50.0 °C
2023-11-07 10:23:03,514 - root - WARNING - Setpoint t_sp, lower schedule goes above 60.0 °C
2023-11-07 10:23:03,514 - root - WARNING - Setpoint h_sp, lower schedule goes below 0.0 -
2023-11-07 10:23:03,514 - root - WARNING - Setpoint h_sp, lower schedule goes above 1.0 -
2023-11-07 10:23:03,530 - root - WARNING - Setpoint t_sp, lower schedule goes below -50.0 °C
2023-11-07 10:23:03,530 - root - WARNING - Setpoint t_sp, lower schedule goes above 60.0 °C
2023-11-07 10:23:03,530 - root - WARNING - Setpoint h_sp, lower schedule goes below 0.0 -
2023-11-07 10:23:03,530 - root - WARNING - Setpoint h_sp, lower schedule goes above 1.0 -
2023-11-07 10:23:03,561 - root - WARNING - Setpoint t_sp, lower schedule goes below -50.0 °C
2023-11-07 10:23:03,561 - root - WARNING - Setpoint t_sp, lower schedule goes above 60.0 °C
2023-11-07 10:23:03,561 - root - WARNING - Setpoint h_sp, lower schedule goes below 0.0 -
2023-11-07 10:23:03,561 - root - WARNING - Setpoint h_sp, lower schedule goes above 1.0 -
2023-11-07 10:23:03,577 - root - WARNING - Setpoint t_sp, lower schedule goes below -50.0 °C
2023-11-07 10:23:03,577 - root - WARNING - Setpoint t_sp, lower schedule goes above 60.0 °C
2023-11-07 10:23:03,577 - root - WARNING - Setpoint h_sp, lower schedule goes below 0.0 -
2023-11-07 10:23:03,577 - root - WARNING - Setpoint h_sp, lower schedule goes above 1.0 -
2023-11-07 10:23:03,592 - root - WARNING - Setpoint t_sp, lower schedule goes below -50.0 °C
2023-11-07 10:23:03,592 - root - WARNING - Setpoint t_sp, lower schedule goes above 60.0 °C
2023-11-07 10:23:03,592 - root - WARNING - Setpoint h_sp, lower schedule goes below 0.0 -
2023-11-07 10:23:03,592 - root - WARNING - Setpoint h_sp, lower schedule goes above 1.0 -
2023-11-07 10:23:03,624 - root - WARNING - Setpoint t_sp, lower schedule goes below -50.0 °C
2023-11-07 10:23:03,624 - root - WARNING - Setpoint t_sp, lower schedule goes above 60.0 °C
2023-11-07 10:23:03,624 - root - WARNING - Setpoint h_sp, lower schedule goes below 0.0 -
2023-11-07 10:23:03,624 - root - WARNING - Setpoint h_sp, lower schedule goes above 1.0 -
2023-11-07 10:23:03,639 - root - WARNING - Setpoint t_sp, lower schedule goes below -50.0 °C
2023-11-07 10:23:03,639 - root - WARNING - Setpoint t_sp, lower schedule goes above 60.0 °C
2023-11-07 10:23:03,639 - root - WARNING - Setpoint h_sp, lower schedule goes below 0.0 -
2023-11-07 10:23:03,655 - root - WARNING - Setpoint h_sp, lower schedule goes above 1.0 -
2023-11-07 10:23:03,671 - root - WARNING - Setpoint t_sp, lower schedule goes below -50.0 °C
2023-11-07 10:23:03,671 - root - WARNING - Setpoint t_sp, lower schedule goes above 60.0 °C
2023-11-07 10:23:03,671 - root - WARNING - Setpoint h_sp, lower schedule goes below 0.0 -
2023-11-07 10:23:03,671 - root - WARNING - Setpoint h_sp, lower schedule goes above 1.0 -
2023-11-07 10:23:03,686 - root - WARNING - Setpoint t_sp, lower schedule goes below -50.0 °C
2023-11-07 10:23:03,702 - root - WARNING - Setpoint t_sp, lower schedule goes above 60.0 °C
2023-11-07 10:23:03,702 - root - WARNING - Setpoint h_sp, lower schedule goes below 0.0 -
2023-11-07 10:23:03,702 - root - WARNING - Setpoint h_sp, lower schedule goes above 1.0 -
2023-11-07 10:23:03,717 - root - WARNING - Setpoint t_sp, lower schedule goes below -50.0 °C
2023-11-07 10:23:03,717 - root - WARNING - Setpoint t_sp, lower schedule goes above 60.0 °C
2023-11-07 10:23:03,717 - root - WARNING - Setpoint h_sp, lower schedule goes below 0.0 -
2023-11-07 10:23:03,717 - root - WARNING - Setpoint h_sp, lower schedule goes above 1.0 -
2023-11-07 10:23:03,733 - root - WARNING - Setpoint t_sp, lower schedule goes below -50.0 °C
2023-11-07 10:23:03,733 - root - WARNING - Setpoint t_sp, lower schedule goes above 60.0 °C
2023-11-07 10:23:03,733 - root - WARNING - Setpoint h_sp, lower schedule goes below 0.0 -
2023-11-07 10:23:03,733 - root - WARNING - Setpoint h_sp, lower schedule goes above 1.0 -
2023-11-07 10:23:03,764 - root - WARNING - Setpoint t_sp, lower schedule goes below -50.0 °C
2023-11-07 10:23:03,764 - root - WARNING - Setpoint t_sp, lower schedule goes above 60.0 °C
2023-11-07 10:23:03,764 - root - WARNING - Setpoint h_sp, lower schedule goes below 0.0 -
2023-11-07 10:23:03,764 - root - WARNING - Setpoint h_sp, lower schedule goes above 1.0 -
2023-11-07 10:23:03,780 - root - WARNING - Setpoint t_sp, lower schedule goes below -50.0 °C
2023-11-07 10:23:03,780 - root - WARNING - Setpoint t_sp, lower schedule goes above 60.0 °C
2023-11-07 10:23:03,780 - root - WARNING - Setpoint h_sp, lower schedule goes below 0.0 -
2023-11-07 10:23:03,780 - root - WARNING - Setpoint h_sp, lower schedule goes above 1.0 -
2023-11-07 10:29:57,326 - root - WARNING - WeatherFile, input relative humidity is out of range [-0.001, 1] [-]
2023-11-07 10:29:58,451 - root - WARNING - Setpoint t_sp, lower schedule goes below -50.0 °C
2023-11-07 10:29:58,451 - root - WARNING - Setpoint t_sp, lower schedule goes above 60.0 °C
2023-11-07 10:29:58,451 - root - WARNING - Setpoint h_sp, lower schedule goes below 0.0 -
2023-11-07 10:29:58,451 - root - WARNING - Setpoint h_sp, lower schedule goes above 1.0 -
2023-11-07 10:29:58,466 - root - WARNING - Setpoint t_sp, lower schedule goes below -50.0 °C
2023-11-07 10:29:58,466 - root - WARNING - Setpoint t_sp, lower schedule goes above 60.0 °C
2023-11-07 10:29:58,466 - root - WARNING - Setpoint h_sp, lower schedule goes below 0.0 -
2023-11-07 10:29:58,466 - root - WARNING - Setpoint h_sp, lower schedule goes above 1.0 -
2023-11-07 10:29:58,498 - root - WARNING - Setpoint t_sp, lower schedule goes below -50.0 °C
2023-11-07 10:29:58,498 - root - WARNING - Setpoint t_sp, lower schedule goes above 60.0 °C
2023-11-07 10:29:58,498 - root - WARNING - Setpoint h_sp, lower schedule goes below 0.0 -
2023-11-07 10:29:58,498 - root - WARNING - Setpoint h_sp, lower schedule goes above 1.0 -
2023-11-07 10:29:58,513 - root - WARNING - Setpoint t_sp, lower schedule goes below -50.0 °C
2023-11-07 10:29:58,513 - root - WARNING - Setpoint t_sp, lower schedule goes above 60.0 °C
2023-11-07 10:29:58,513 - root - WARNING - Setpoint h_sp, lower schedule goes below 0.0 -
2023-11-07 10:29:58,513 - root - WARNING - Setpoint h_sp, lower schedule goes above 1.0 -
2023-11-07 10:29:58,544 - root - WARNING - Setpoint t_sp, lower schedule goes below -50.0 °C
2023-11-07 10:29:58,544 - root - WARNING - Setpoint t_sp, lower schedule goes above 60.0 °C
2023-11-07 10:29:58,544 - root - WARNING - Setpoint h_sp, lower schedule goes below 0.0 -
2023-11-07 10:29:58,544 - root - WARNING - Setpoint h_sp, lower schedule goes above 1.0 -
2023-11-07 10:29:58,560 - root - WARNING - Setpoint t_sp, lower schedule goes below -50.0 °C
2023-11-07 10:29:58,560 - root - WARNING - Setpoint t_sp, lower schedule goes above 60.0 °C
2023-11-07 10:29:58,560 - root - WARNING - Setpoint h_sp, lower schedule goes below 0.0 -
2023-11-07 10:29:58,560 - root - WARNING - Setpoint h_sp, lower schedule goes above 1.0 -
2023-11-07 10:29:58,576 - root - WARNING - Setpoint t_sp, lower schedule goes below -50.0 °C
2023-11-07 10:29:58,591 - root - WARNING - Setpoint t_sp, lower schedule goes above 60.0 °C
2023-11-07 10:29:58,591 - root - WARNING - Setpoint h_sp, lower schedule goes below 0.0 -
2023-11-07 10:29:58,591 - root - WARNING - Setpoint h_sp, lower schedule goes above 1.0 -
2023-11-07 10:29:58,607 - root - WARNING - Setpoint t_sp, lower schedule goes below -50.0 °C
2023-11-07 10:29:58,607 - root - WARNING - Setpoint t_sp, lower schedule goes above 60.0 °C
2023-11-07 10:29:58,607 - root - WARNING - Setpoint h_sp, lower schedule goes below 0.0 -
2023-11-07 10:29:58,607 - root - WARNING - Setpoint h_sp, lower schedule goes above 1.0 -
2023-11-07 10:29:58,623 - root - WARNING - Setpoint t_sp, lower schedule goes below -50.0 °C
2023-11-07 10:29:58,623 - root - WARNING - Setpoint t_sp, lower schedule goes above 60.0 °C
2023-11-07 10:29:58,623 - root - WARNING - Setpoint h_sp, lower schedule goes below 0.0 -
2023-11-07 10:29:58,623 - root - WARNING - Setpoint h_sp, lower schedule goes above 1.0 -
2023-11-07 10:29:58,654 - root - WARNING - Setpoint t_sp, lower schedule goes below -50.0 °C
2023-11-07 10:29:58,654 - root - WARNING - Setpoint t_sp, lower schedule goes above 60.0 °C
2023-11-07 10:29:58,654 - root - WARNING - Setpoint h_sp, lower schedule goes below 0.0 -
2023-11-07 10:29:58,654 - root - WARNING - Setpoint h_sp, lower schedule goes above 1.0 -
2023-11-07 10:29:58,669 - root - WARNING - Setpoint t_sp, lower schedule goes below -50.0 °C
2023-11-07 10:29:58,669 - root - WARNING - Setpoint t_sp, lower schedule goes above 60.0 °C
2023-11-07 10:29:58,669 - root - WARNING - Setpoint h_sp, lower schedule goes below 0.0 -
2023-11-07 10:29:58,669 - root - WARNING - Setpoint h_sp, lower schedule goes above 1.0 -
2023-11-07 10:29:58,701 - root - WARNING - Setpoint t_sp, lower schedule goes below -50.0 °C
2023-11-07 10:29:58,701 - root - WARNING - Setpoint t_sp, lower schedule goes above 60.0 °C
2023-11-07 10:29:58,701 - root - WARNING - Setpoint h_sp, lower schedule goes below 0.0 -
2023-11-07 10:29:58,701 - root - WARNING - Setpoint h_sp, lower schedule goes above 1.0 -
2023-11-07 10:29:58,716 - root - WARNING - Setpoint t_sp, lower schedule goes below -50.0 °C
2023-11-07 10:29:58,716 - root - WARNING - Setpoint t_sp, lower schedule goes above 60.0 °C
2023-11-07 10:29:58,716 - root - WARNING - Setpoint h_sp, lower schedule goes below 0.0 -
2023-11-07 10:29:58,716 - root - WARNING - Setpoint h_sp, lower schedule goes above 1.0 -
2023-11-07 10:29:58,748 - root - WARNING - Setpoint t_sp, lower schedule goes below -50.0 °C
2023-11-07 10:29:58,748 - root - WARNING - Setpoint t_sp, lower schedule goes above 60.0 °C
2023-11-07 10:29:58,748 - root - WARNING - Setpoint h_sp, lower schedule goes below 0.0 -
2023-11-07 10:29:58,748 - root - WARNING - Setpoint h_sp, lower schedule goes above 1.0 -
2023-11-07 10:33:03,219 - root - WARNING - WeatherFile, input relative humidity is out of range [-0.001, 1] [-]
2023-11-07 10:33:04,344 - root - WARNING - Setpoint t_sp, lower schedule goes below -50.0 °C
2023-11-07 10:33:04,344 - root - WARNING - Setpoint t_sp, lower schedule goes above 60.0 °C
2023-11-07 10:33:04,344 - root - WARNING - Setpoint h_sp, lower schedule goes below 0.0 -
2023-11-07 10:33:04,344 - root - WARNING - Setpoint h_sp, lower schedule goes above 1.0 -
2023-11-07 10:33:04,360 - root - WARNING - Setpoint t_sp, lower schedule goes below -50.0 °C
2023-11-07 10:33:04,360 - root - WARNING - Setpoint t_sp, lower schedule goes above 60.0 °C
2023-11-07 10:33:04,360 - root - WARNING - Setpoint h_sp, lower schedule goes below 0.0 -
2023-11-07 10:33:04,360 - root - WARNING - Setpoint h_sp, lower schedule goes above 1.0 -
2023-11-07 10:33:04,391 - root - WARNING - Setpoint t_sp, lower schedule goes below -50.0 °C
2023-11-07 10:33:04,391 - root - WARNING - Setpoint t_sp, lower schedule goes above 60.0 °C
2023-11-07 10:33:04,391 - root - WARNING - Setpoint h_sp, lower schedule goes below 0.0 -
2023-11-07 10:33:04,391 - root - WARNING - Setpoint h_sp, lower schedule goes above 1.0 -
2023-11-07 10:33:04,407 - root - WARNING - Setpoint t_sp, lower schedule goes below -50.0 °C
2023-11-07 10:33:04,407 - root - WARNING - Setpoint t_sp, lower schedule goes above 60.0 °C
2023-11-07 10:33:04,407 - root - WARNING - Setpoint h_sp, lower schedule goes below 0.0 -
2023-11-07 10:33:04,407 - root - WARNING - Setpoint h_sp, lower schedule goes above 1.0 -
2023-11-07 10:33:04,438 - root - WARNING - Setpoint t_sp, lower schedule goes below -50.0 °C
2023-11-07 10:33:04,438 - root - WARNING - Setpoint t_sp, lower schedule goes above 60.0 °C
2023-11-07 10:33:04,438 - root - WARNING - Setpoint h_sp, lower schedule goes below 0.0 -
2023-11-07 10:33:04,438 - root - WARNING - Setpoint h_sp, lower schedule goes above 1.0 -
2023-11-07 10:33:04,454 - root - WARNING - Setpoint t_sp, lower schedule goes below -50.0 °C
2023-11-07 10:33:04,454 - root - WARNING - Setpoint t_sp, lower schedule goes above 60.0 °C
2023-11-07 10:33:04,454 - root - WARNING - Setpoint h_sp, lower schedule goes below 0.0 -
2023-11-07 10:33:04,454 - root - WARNING - Setpoint h_sp, lower schedule goes above 1.0 -
2023-11-07 10:33:04,485 - root - WARNING - Setpoint t_sp, lower schedule goes below -50.0 °C
2023-11-07 10:33:04,485 - root - WARNING - Setpoint t_sp, lower schedule goes above 60.0 °C
2023-11-07 10:33:04,485 - root - WARNING - Setpoint h_sp, lower schedule goes below 0.0 -
2023-11-07 10:33:04,485 - root - WARNING - Setpoint h_sp, lower schedule goes above 1.0 -
2023-11-07 10:33:04,500 - root - WARNING - Setpoint t_sp, lower schedule goes below -50.0 °C
2023-11-07 10:33:04,500 - root - WARNING - Setpoint t_sp, lower schedule goes above 60.0 °C
2023-11-07 10:33:04,500 - root - WARNING - Setpoint h_sp, lower schedule goes below 0.0 -
2023-11-07 10:33:04,500 - root - WARNING - Setpoint h_sp, lower schedule goes above 1.0 -
2023-11-07 10:33:04,532 - root - WARNING - Setpoint t_sp, lower schedule goes below -50.0 °C
2023-11-07 10:33:04,532 - root - WARNING - Setpoint t_sp, lower schedule goes above 60.0 °C
2023-11-07 10:33:04,532 - root - WARNING - Setpoint h_sp, lower schedule goes below 0.0 -
2023-11-07 10:33:04,532 - root - WARNING - Setpoint h_sp, lower schedule goes above 1.0 -
2023-11-07 10:33:04,547 - root - WARNING - Setpoint t_sp, lower schedule goes below -50.0 °C
2023-11-07 10:33:04,547 - root - WARNING - Setpoint t_sp, lower schedule goes above 60.0 °C
2023-11-07 10:33:04,547 - root - WARNING - Setpoint h_sp, lower schedule goes below 0.0 -
2023-11-07 10:33:04,547 - root - WARNING - Setpoint h_sp, lower schedule goes above 1.0 -
2023-11-07 10:33:04,579 - root - WARNING - Setpoint t_sp, lower schedule goes below -50.0 °C
2023-11-07 10:33:04,579 - root - WARNING - Setpoint t_sp, lower schedule goes above 60.0 °C
2023-11-07 10:33:04,579 - root - WARNING - Setpoint h_sp, lower schedule goes below 0.0 -
2023-11-07 10:33:04,579 - root - WARNING - Setpoint h_sp, lower schedule goes above 1.0 -
2023-11-07 10:33:04,594 - root - WARNING - Setpoint t_sp, lower schedule goes below -50.0 °C
2023-11-07 10:33:04,594 - root - WARNING - Setpoint t_sp, lower schedule goes above 60.0 °C
2023-11-07 10:33:04,594 - root - WARNING - Setpoint h_sp, lower schedule goes below 0.0 -
2023-11-07 10:33:04,594 - root - WARNING - Setpoint h_sp, lower schedule goes above 1.0 -
2023-11-07 10:33:04,625 - root - WARNING - Setpoint t_sp, lower schedule goes below -50.0 °C
2023-11-07 10:33:04,625 - root - WARNING - Setpoint t_sp, lower schedule goes above 60.0 °C
2023-11-07 10:33:04,625 - root - WARNING - Setpoint h_sp, lower schedule goes below 0.0 -
2023-11-07 10:33:04,625 - root - WARNING - Setpoint h_sp, lower schedule goes above 1.0 -
2023-11-07 10:33:04,641 - root - WARNING - Setpoint t_sp, lower schedule goes below -50.0 °C
2023-11-07 10:33:04,641 - root - WARNING - Setpoint t_sp, lower schedule goes above 60.0 °C
2023-11-07 10:33:04,641 - root - WARNING - Setpoint h_sp, lower schedule goes below 0.0 -
2023-11-07 10:33:04,641 - root - WARNING - Setpoint h_sp, lower schedule goes above 1.0 -
2023-11-07 10:33:13,586 - root - WARNING - WeatherFile, input relative humidity is out of range [-0.001, 1] [-]
2023-11-07 10:33:14,726 - root - WARNING - Setpoint t_sp, lower schedule goes below -50.0 °C
2023-11-07 10:33:14,726 - root - WARNING - Setpoint t_sp, lower schedule goes above 60.0 °C
2023-11-07 10:33:14,726 - root - WARNING - Setpoint h_sp, lower schedule goes below 0.0 -
2023-11-07 10:33:14,726 - root - WARNING - Setpoint h_sp, lower schedule goes above 1.0 -
2023-11-07 10:33:14,742 - root - WARNING - Setpoint t_sp, lower schedule goes below -50.0 °C
2023-11-07 10:33:14,742 - root - WARNING - Setpoint t_sp, lower schedule goes above 60.0 °C
2023-11-07 10:33:14,742 - root - WARNING - Setpoint h_sp, lower schedule goes below 0.0 -
2023-11-07 10:33:14,742 - root - WARNING - Setpoint h_sp, lower schedule goes above 1.0 -
2023-11-07 10:33:14,769 - root - WARNING - Setpoint t_sp, lower schedule goes below -50.0 °C
2023-11-07 10:33:14,769 - root - WARNING - Setpoint t_sp, lower schedule goes above 60.0 °C
2023-11-07 10:33:14,769 - root - WARNING - Setpoint h_sp, lower schedule goes below 0.0 -
2023-11-07 10:33:14,769 - root - WARNING - Setpoint h_sp, lower schedule goes above 1.0 -
2023-11-07 10:33:14,785 - root - WARNING - Setpoint t_sp, lower schedule goes below -50.0 °C
2023-11-07 10:33:14,800 - root - WARNING - Setpoint t_sp, lower schedule goes above 60.0 °C
2023-11-07 10:33:14,800 - root - WARNING - Setpoint h_sp, lower schedule goes below 0.0 -
2023-11-07 10:33:14,800 - root - WARNING - Setpoint h_sp, lower schedule goes above 1.0 -
2023-11-07 10:33:14,816 - root - WARNING - Setpoint t_sp, lower schedule goes below -50.0 °C
2023-11-07 10:33:14,816 - root - WARNING - Setpoint t_sp, lower schedule goes above 60.0 °C
2023-11-07 10:33:14,816 - root - WARNING - Setpoint h_sp, lower schedule goes below 0.0 -
2023-11-07 10:33:14,816 - root - WARNING - Setpoint h_sp, lower schedule goes above 1.0 -
2023-11-07 10:33:14,832 - root - WARNING - Setpoint t_sp, lower schedule goes below -50.0 °C
2023-11-07 10:33:14,832 - root - WARNING - Setpoint t_sp, lower schedule goes above 60.0 °C
2023-11-07 10:33:14,832 - root - WARNING - Setpoint h_sp, lower schedule goes below 0.0 -
2023-11-07 10:33:14,847 - root - WARNING - Setpoint h_sp, lower schedule goes above 1.0 -
2023-11-07 10:33:14,863 - root - WARNING - Setpoint t_sp, lower schedule goes below -50.0 °C
2023-11-07 10:33:14,863 - root - WARNING - Setpoint t_sp, lower schedule goes above 60.0 °C
2023-11-07 10:33:14,863 - root - WARNING - Setpoint h_sp, lower schedule goes below 0.0 -
2023-11-07 10:33:14,863 - root - WARNING - Setpoint h_sp, lower schedule goes above 1.0 -
2023-11-07 10:33:14,894 - root - WARNING - Setpoint t_sp, lower schedule goes below -50.0 °C
2023-11-07 10:33:14,894 - root - WARNING - Setpoint t_sp, lower schedule goes above 60.0 °C
2023-11-07 10:33:14,894 - root - WARNING - Setpoint h_sp, lower schedule goes below 0.0 -
2023-11-07 10:33:14,894 - root - WARNING - Setpoint h_sp, lower schedule goes above 1.0 -
2023-11-07 10:33:14,910 - root - WARNING - Setpoint t_sp, lower schedule goes below -50.0 °C
2023-11-07 10:33:14,910 - root - WARNING - Setpoint t_sp, lower schedule goes above 60.0 °C
2023-11-07 10:33:14,910 - root - WARNING - Setpoint h_sp, lower schedule goes below 0.0 -
2023-11-07 10:33:14,910 - root - WARNING - Setpoint h_sp, lower schedule goes above 1.0 -
2023-11-07 10:33:14,941 - root - WARNING - Setpoint t_sp, lower schedule goes below -50.0 °C
2023-11-07 10:33:14,941 - root - WARNING - Setpoint t_sp, lower schedule goes above 60.0 °C
2023-11-07 10:33:14,941 - root - WARNING - Setpoint h_sp, lower schedule goes below 0.0 -
2023-11-07 10:33:14,941 - root - WARNING - Setpoint h_sp, lower schedule goes above 1.0 -
2023-11-07 10:33:14,957 - root - WARNING - Setpoint t_sp, lower schedule goes below -50.0 °C
2023-11-07 10:33:14,957 - root - WARNING - Setpoint t_sp, lower schedule goes above 60.0 °C
2023-11-07 10:33:14,957 - root - WARNING - Setpoint h_sp, lower schedule goes below 0.0 -
2023-11-07 10:33:14,957 - root - WARNING - Setpoint h_sp, lower schedule goes above 1.0 -
2023-11-07 10:33:14,988 - root - WARNING - Setpoint t_sp, lower schedule goes below -50.0 °C
2023-11-07 10:33:14,988 - root - WARNING - Setpoint t_sp, lower schedule goes above 60.0 °C
2023-11-07 10:33:14,988 - root - WARNING - Setpoint h_sp, lower schedule goes below 0.0 -
2023-11-07 10:33:14,988 - root - WARNING - Setpoint h_sp, lower schedule goes above 1.0 -
2023-11-07 10:33:15,003 - root - WARNING - Setpoint t_sp, lower schedule goes below -50.0 °C
2023-11-07 10:33:15,003 - root - WARNING - Setpoint t_sp, lower schedule goes above 60.0 °C
2023-11-07 10:33:15,003 - root - WARNING - Setpoint h_sp, lower schedule goes below 0.0 -
2023-11-07 10:33:15,003 - root - WARNING - Setpoint h_sp, lower schedule goes above 1.0 -
2023-11-07 10:33:15,035 - root - WARNING - Setpoint t_sp, lower schedule goes below -50.0 °C
2023-11-07 10:33:15,035 - root - WARNING - Setpoint t_sp, lower schedule goes above 60.0 °C
2023-11-07 10:33:15,035 - root - WARNING - Setpoint h_sp, lower schedule goes below 0.0 -
2023-11-07 10:33:15,035 - root - WARNING - Setpoint h_sp, lower schedule goes above 1.0 -
2023-11-07 10:34:23,977 - root - WARNING - WeatherFile, input relative humidity is out of range [-0.001, 1] [-]
2023-11-07 10:34:25,075 - root - WARNING - Setpoint t_sp, lower schedule goes below -50.0 °C
2023-11-07 10:34:25,090 - root - WARNING - Setpoint t_sp, lower schedule goes above 60.0 °C
2023-11-07 10:34:25,090 - root - WARNING - Setpoint h_sp, lower schedule goes below 0.0 -
2023-11-07 10:34:25,090 - root - WARNING - Setpoint h_sp, lower schedule goes above 1.0 -
2023-11-07 10:34:25,106 - root - WARNING - Setpoint t_sp, lower schedule goes below -50.0 °C
2023-11-07 10:34:25,106 - root - WARNING - Setpoint t_sp, lower schedule goes above 60.0 °C
2023-11-07 10:34:25,106 - root - WARNING - Setpoint h_sp, lower schedule goes below 0.0 -
2023-11-07 10:34:25,106 - root - WARNING - Setpoint h_sp, lower schedule goes above 1.0 -
2023-11-07 10:34:25,122 - root - WARNING - Setpoint t_sp, lower schedule goes below -50.0 °C
2023-11-07 10:34:25,122 - root - WARNING - Setpoint t_sp, lower schedule goes above 60.0 °C
2023-11-07 10:34:25,122 - root - WARNING - Setpoint h_sp, lower schedule goes below 0.0 -
2023-11-07 10:34:25,122 - root - WARNING - Setpoint h_sp, lower schedule goes above 1.0 -
2023-11-07 10:34:25,153 - root - WARNING - Setpoint t_sp, lower schedule goes below -50.0 °C
2023-11-07 10:34:25,153 - root - WARNING - Setpoint t_sp, lower schedule goes above 60.0 °C
2023-11-07 10:34:25,153 - root - WARNING - Setpoint h_sp, lower schedule goes below 0.0 -
2023-11-07 10:34:25,153 - root - WARNING - Setpoint h_sp, lower schedule goes above 1.0 -
2023-11-07 10:34:25,168 - root - WARNING - Setpoint t_sp, lower schedule goes below -50.0 °C
2023-11-07 10:34:25,168 - root - WARNING - Setpoint t_sp, lower schedule goes above 60.0 °C
2023-11-07 10:34:25,168 - root - WARNING - Setpoint h_sp, lower schedule goes below 0.0 -
2023-11-07 10:34:25,168 - root - WARNING - Setpoint h_sp, lower schedule goes above 1.0 -
2023-11-07 10:34:25,200 - root - WARNING - Setpoint t_sp, lower schedule goes below -50.0 °C
2023-11-07 10:34:25,200 - root - WARNING - Setpoint t_sp, lower schedule goes above 60.0 °C
2023-11-07 10:34:25,200 - root - WARNING - Setpoint h_sp, lower schedule goes below 0.0 -
2023-11-07 10:34:25,200 - root - WARNING - Setpoint h_sp, lower schedule goes above 1.0 -
2023-11-07 10:34:25,215 - root - WARNING - Setpoint t_sp, lower schedule goes below -50.0 °C
2023-11-07 10:34:25,215 - root - WARNING - Setpoint t_sp, lower schedule goes above 60.0 °C
2023-11-07 10:34:25,215 - root - WARNING - Setpoint h_sp, lower schedule goes below 0.0 -
2023-11-07 10:34:25,215 - root - WARNING - Setpoint h_sp, lower schedule goes above 1.0 -
2023-11-07 10:34:25,247 - root - WARNING - Setpoint t_sp, lower schedule goes below -50.0 °C
2023-11-07 10:34:25,247 - root - WARNING - Setpoint t_sp, lower schedule goes above 60.0 °C
2023-11-07 10:34:25,247 - root - WARNING - Setpoint h_sp, lower schedule goes below 0.0 -
2023-11-07 10:34:25,247 - root - WARNING - Setpoint h_sp, lower schedule goes above 1.0 -
2023-11-07 10:34:25,278 - root - WARNING - Setpoint t_sp, lower schedule goes below -50.0 °C
2023-11-07 10:34:25,278 - root - WARNING - Setpoint t_sp, lower schedule goes above 60.0 °C
2023-11-07 10:34:25,278 - root - WARNING - Setpoint h_sp, lower schedule goes below 0.0 -
2023-11-07 10:34:25,278 - root - WARNING - Setpoint h_sp, lower schedule goes above 1.0 -
2023-11-07 10:34:25,293 - root - WARNING - Setpoint t_sp, lower schedule goes below -50.0 °C
2023-11-07 10:34:25,293 - root - WARNING - Setpoint t_sp, lower schedule goes above 60.0 °C
2023-11-07 10:34:25,293 - root - WARNING - Setpoint h_sp, lower schedule goes below 0.0 -
2023-11-07 10:34:25,293 - root - WARNING - Setpoint h_sp, lower schedule goes above 1.0 -
2023-11-07 10:34:25,309 - root - WARNING - Setpoint t_sp, lower schedule goes below -50.0 °C
2023-11-07 10:34:25,309 - root - WARNING - Setpoint t_sp, lower schedule goes above 60.0 °C
2023-11-07 10:34:25,325 - root - WARNING - Setpoint h_sp, lower schedule goes below 0.0 -
2023-11-07 10:34:25,325 - root - WARNING - Setpoint h_sp, lower schedule goes above 1.0 -
2023-11-07 10:34:25,340 - root - WARNING - Setpoint t_sp, lower schedule goes below -50.0 °C
2023-11-07 10:34:25,340 - root - WARNING - Setpoint t_sp, lower schedule goes above 60.0 °C
2023-11-07 10:34:25,340 - root - WARNING - Setpoint h_sp, lower schedule goes below 0.0 -
2023-11-07 10:34:25,340 - root - WARNING - Setpoint h_sp, lower schedule goes above 1.0 -
2023-11-07 10:34:25,356 - root - WARNING - Setpoint t_sp, lower schedule goes below -50.0 °C
2023-11-07 10:34:25,356 - root - WARNING - Setpoint t_sp, lower schedule goes above 60.0 °C
2023-11-07 10:34:25,372 - root - WARNING - Setpoint h_sp, lower schedule goes below 0.0 -
2023-11-07 10:34:25,372 - root - WARNING - Setpoint h_sp, lower schedule goes above 1.0 -
2023-11-07 10:34:25,387 - root - WARNING - Setpoint t_sp, lower schedule goes below -50.0 °C
2023-11-07 10:34:25,387 - root - WARNING - Setpoint t_sp, lower schedule goes above 60.0 °C
2023-11-07 10:34:25,387 - root - WARNING - Setpoint h_sp, lower schedule goes below 0.0 -
2023-11-07 10:34:25,387 - root - WARNING - Setpoint h_sp, lower schedule goes above 1.0 -
2023-11-07 10:35:03,941 - root - WARNING - WeatherFile, input relative humidity is out of range [-0.001, 1] [-]
2023-11-07 10:35:05,128 - root - WARNING - Setpoint t_sp, lower schedule goes below -50.0 °C
2023-11-07 10:35:05,128 - root - WARNING - Setpoint t_sp, lower schedule goes above 60.0 °C
2023-11-07 10:35:05,128 - root - WARNING - Setpoint h_sp, lower schedule goes below 0.0 -
2023-11-07 10:35:05,128 - root - WARNING - Setpoint h_sp, lower schedule goes above 1.0 -
2023-11-07 10:35:05,160 - root - WARNING - Setpoint t_sp, lower schedule goes below -50.0 °C
2023-11-07 10:35:05,160 - root - WARNING - Setpoint t_sp, lower schedule goes above 60.0 °C
2023-11-07 10:35:05,160 - root - WARNING - Setpoint h_sp, lower schedule goes below 0.0 -
2023-11-07 10:35:05,160 - root - WARNING - Setpoint h_sp, lower schedule goes above 1.0 -
2023-11-07 10:35:05,175 - root - WARNING - Setpoint t_sp, lower schedule goes below -50.0 °C
2023-11-07 10:35:05,175 - root - WARNING - Setpoint t_sp, lower schedule goes above 60.0 °C
2023-11-07 10:35:05,175 - root - WARNING - Setpoint h_sp, lower schedule goes below 0.0 -
2023-11-07 10:35:05,191 - root - WARNING - Setpoint h_sp, lower schedule goes above 1.0 -
2023-11-07 10:35:05,206 - root - WARNING - Setpoint t_sp, lower schedule goes below -50.0 °C
2023-11-07 10:35:05,206 - root - WARNING - Setpoint t_sp, lower schedule goes above 60.0 °C
2023-11-07 10:35:05,206 - root - WARNING - Setpoint h_sp, lower schedule goes below 0.0 -
2023-11-07 10:35:05,206 - root - WARNING - Setpoint h_sp, lower schedule goes above 1.0 -
2023-11-07 10:35:05,222 - root - WARNING - Setpoint t_sp, lower schedule goes below -50.0 °C
2023-11-07 10:35:05,222 - root - WARNING - Setpoint t_sp, lower schedule goes above 60.0 °C
2023-11-07 10:35:05,222 - root - WARNING - Setpoint h_sp, lower schedule goes below 0.0 -
2023-11-07 10:35:05,238 - root - WARNING - Setpoint h_sp, lower schedule goes above 1.0 -
2023-11-07 10:35:05,253 - root - WARNING - Setpoint t_sp, lower schedule goes below -50.0 °C
2023-11-07 10:35:05,253 - root - WARNING - Setpoint t_sp, lower schedule goes above 60.0 °C
2023-11-07 10:35:05,253 - root - WARNING - Setpoint h_sp, lower schedule goes below 0.0 -
2023-11-07 10:35:05,253 - root - WARNING - Setpoint h_sp, lower schedule goes above 1.0 -
2023-11-07 10:35:05,269 - root - WARNING - Setpoint t_sp, lower schedule goes below -50.0 °C
2023-11-07 10:35:05,269 - root - WARNING - Setpoint t_sp, lower schedule goes above 60.0 °C
2023-11-07 10:35:05,269 - root - WARNING - Setpoint h_sp, lower schedule goes below 0.0 -
2023-11-07 10:35:05,269 - root - WARNING - Setpoint h_sp, lower schedule goes above 1.0 -
2023-11-07 10:35:05,300 - root - WARNING - Setpoint t_sp, lower schedule goes below -50.0 °C
2023-11-07 10:35:05,300 - root - WARNING - Setpoint t_sp, lower schedule goes above 60.0 °C
2023-11-07 10:35:05,300 - root - WARNING - Setpoint h_sp, lower schedule goes below 0.0 -
2023-11-07 10:35:05,300 - root - WARNING - Setpoint h_sp, lower schedule goes above 1.0 -
2023-11-07 10:35:05,316 - root - WARNING - Setpoint t_sp, lower schedule goes below -50.0 °C
2023-11-07 10:35:05,316 - root - WARNING - Setpoint t_sp, lower schedule goes above 60.0 °C
2023-11-07 10:35:05,316 - root - WARNING - Setpoint h_sp, lower schedule goes below 0.0 -
2023-11-07 10:35:05,316 - root - WARNING - Setpoint h_sp, lower schedule goes above 1.0 -
2023-11-07 10:35:05,347 - root - WARNING - Setpoint t_sp, lower schedule goes below -50.0 °C
2023-11-07 10:35:05,347 - root - WARNING - Setpoint t_sp, lower schedule goes above 60.0 °C
2023-11-07 10:35:05,347 - root - WARNING - Setpoint h_sp, lower schedule goes below 0.0 -
2023-11-07 10:35:05,347 - root - WARNING - Setpoint h_sp, lower schedule goes above 1.0 -
2023-11-07 10:35:05,363 - root - WARNING - Setpoint t_sp, lower schedule goes below -50.0 °C
2023-11-07 10:35:05,363 - root - WARNING - Setpoint t_sp, lower schedule goes above 60.0 °C
2023-11-07 10:35:05,363 - root - WARNING - Setpoint h_sp, lower schedule goes below 0.0 -
2023-11-07 10:35:05,363 - root - WARNING - Setpoint h_sp, lower schedule goes above 1.0 -
2023-11-07 10:35:05,394 - root - WARNING - Setpoint t_sp, lower schedule goes below -50.0 °C
2023-11-07 10:35:05,394 - root - WARNING - Setpoint t_sp, lower schedule goes above 60.0 °C
2023-11-07 10:35:05,394 - root - WARNING - Setpoint h_sp, lower schedule goes below 0.0 -
2023-11-07 10:35:05,394 - root - WARNING - Setpoint h_sp, lower schedule goes above 1.0 -
2023-11-07 10:35:05,410 - root - WARNING - Setpoint t_sp, lower schedule goes below -50.0 °C
2023-11-07 10:35:05,410 - root - WARNING - Setpoint t_sp, lower schedule goes above 60.0 °C
2023-11-07 10:35:05,410 - root - WARNING - Setpoint h_sp, lower schedule goes below 0.0 -
2023-11-07 10:35:05,410 - root - WARNING - Setpoint h_sp, lower schedule goes above 1.0 -
2023-11-07 10:35:05,425 - root - WARNING - Setpoint t_sp, lower schedule goes below -50.0 °C
2023-11-07 10:35:05,441 - root - WARNING - Setpoint t_sp, lower schedule goes above 60.0 °C
2023-11-07 10:35:05,441 - root - WARNING - Setpoint h_sp, lower schedule goes below 0.0 -
2023-11-07 10:35:05,441 - root - WARNING - Setpoint h_sp, lower schedule goes above 1.0 -
2023-11-07 10:38:24,335 - root - WARNING - WeatherFile, input relative humidity is out of range [-0.001, 1] [-]
2023-11-07 10:38:25,398 - root - WARNING - Setpoint t_sp, lower schedule goes below -50.0 °C
2023-11-07 10:38:25,398 - root - WARNING - Setpoint t_sp, lower schedule goes above 60.0 °C
2023-11-07 10:38:25,398 - root - WARNING - Setpoint h_sp, lower schedule goes below 0.0 -
2023-11-07 10:38:25,398 - root - WARNING - Setpoint h_sp, lower schedule goes above 1.0 -
2023-11-07 10:38:25,429 - root - WARNING - Setpoint t_sp, lower schedule goes below -50.0 °C
2023-11-07 10:38:25,429 - root - WARNING - Setpoint t_sp, lower schedule goes above 60.0 °C
2023-11-07 10:38:25,429 - root - WARNING - Setpoint h_sp, lower schedule goes below 0.0 -
2023-11-07 10:38:25,429 - root - WARNING - Setpoint h_sp, lower schedule goes above 1.0 -
2023-11-07 10:38:25,445 - root - WARNING - Setpoint t_sp, lower schedule goes below -50.0 °C
2023-11-07 10:38:25,445 - root - WARNING - Setpoint t_sp, lower schedule goes above 60.0 °C
2023-11-07 10:38:25,445 - root - WARNING - Setpoint h_sp, lower schedule goes below 0.0 -
2023-11-07 10:38:25,445 - root - WARNING - Setpoint h_sp, lower schedule goes above 1.0 -
2023-11-07 10:38:25,476 - root - WARNING - Setpoint t_sp, lower schedule goes below -50.0 °C
2023-11-07 10:38:25,476 - root - WARNING - Setpoint t_sp, lower schedule goes above 60.0 °C
2023-11-07 10:38:25,476 - root - WARNING - Setpoint h_sp, lower schedule goes below 0.0 -
2023-11-07 10:38:25,476 - root - WARNING - Setpoint h_sp, lower schedule goes above 1.0 -
2023-11-07 10:38:25,491 - root - WARNING - Setpoint t_sp, lower schedule goes below -50.0 °C
2023-11-07 10:38:25,491 - root - WARNING - Setpoint t_sp, lower schedule goes above 60.0 °C
2023-11-07 10:38:25,491 - root - WARNING - Setpoint h_sp, lower schedule goes below 0.0 -
2023-11-07 10:38:25,491 - root - WARNING - Setpoint h_sp, lower schedule goes above 1.0 -
2023-11-07 10:38:25,523 - root - WARNING - Setpoint t_sp, lower schedule goes below -50.0 °C
2023-11-07 10:38:25,523 - root - WARNING - Setpoint t_sp, lower schedule goes above 60.0 °C
2023-11-07 10:38:25,523 - root - WARNING - Setpoint h_sp, lower schedule goes below 0.0 -
2023-11-07 10:38:25,523 - root - WARNING - Setpoint h_sp, lower schedule goes above 1.0 -
2023-11-07 10:38:25,538 - root - WARNING - Setpoint t_sp, lower schedule goes below -50.0 °C
2023-11-07 10:38:25,538 - root - WARNING - Setpoint t_sp, lower schedule goes above 60.0 °C
2023-11-07 10:38:25,538 - root - WARNING - Setpoint h_sp, lower schedule goes below 0.0 -
2023-11-07 10:38:25,538 - root - WARNING - Setpoint h_sp, lower schedule goes above 1.0 -
2023-11-07 10:38:25,570 - root - WARNING - Setpoint t_sp, lower schedule goes below -50.0 °C
2023-11-07 10:38:25,570 - root - WARNING - Setpoint t_sp, lower schedule goes above 60.0 °C
2023-11-07 10:38:25,570 - root - WARNING - Setpoint h_sp, lower schedule goes below 0.0 -
2023-11-07 10:38:25,570 - root - WARNING - Setpoint h_sp, lower schedule goes above 1.0 -
2023-11-07 10:38:25,585 - root - WARNING - Setpoint t_sp, lower schedule goes below -50.0 °C
2023-11-07 10:38:25,585 - root - WARNING - Setpoint t_sp, lower schedule goes above 60.0 °C
2023-11-07 10:38:25,585 - root - WARNING - Setpoint h_sp, lower schedule goes below 0.0 -
2023-11-07 10:38:25,585 - root - WARNING - Setpoint h_sp, lower schedule goes above 1.0 -
2023-11-07 10:38:25,616 - root - WARNING - Setpoint t_sp, lower schedule goes below -50.0 °C
2023-11-07 10:38:25,616 - root - WARNING - Setpoint t_sp, lower schedule goes above 60.0 °C
2023-11-07 10:38:25,616 - root - WARNING - Setpoint h_sp, lower schedule goes below 0.0 -
2023-11-07 10:38:25,616 - root - WARNING - Setpoint h_sp, lower schedule goes above 1.0 -
2023-11-07 10:38:25,632 - root - WARNING - Setpoint t_sp, lower schedule goes below -50.0 °C
2023-11-07 10:38:25,632 - root - WARNING - Setpoint t_sp, lower schedule goes above 60.0 °C
2023-11-07 10:38:25,632 - root - WARNING - Setpoint h_sp, lower schedule goes below 0.0 -
2023-11-07 10:38:25,632 - root - WARNING - Setpoint h_sp, lower schedule goes above 1.0 -
2023-11-07 10:38:25,663 - root - WARNING - Setpoint t_sp, lower schedule goes below -50.0 °C
2023-11-07 10:38:25,663 - root - WARNING - Setpoint t_sp, lower schedule goes above 60.0 °C
2023-11-07 10:38:25,663 - root - WARNING - Setpoint h_sp, lower schedule goes below 0.0 -
2023-11-07 10:38:25,663 - root - WARNING - Setpoint h_sp, lower schedule goes above 1.0 -
2023-11-07 10:38:25,679 - root - WARNING - Setpoint t_sp, lower schedule goes below -50.0 °C
2023-11-07 10:38:25,679 - root - WARNING - Setpoint t_sp, lower schedule goes above 60.0 °C
2023-11-07 10:38:25,679 - root - WARNING - Setpoint h_sp, lower schedule goes below 0.0 -
2023-11-07 10:38:25,679 - root - WARNING - Setpoint h_sp, lower schedule goes above 1.0 -
2023-11-07 10:38:25,710 - root - WARNING - Setpoint t_sp, lower schedule goes below -50.0 °C
2023-11-07 10:38:25,710 - root - WARNING - Setpoint t_sp, lower schedule goes above 60.0 °C
2023-11-07 10:38:25,710 - root - WARNING - Setpoint h_sp, lower schedule goes below 0.0 -
2023-11-07 10:38:25,710 - root - WARNING - Setpoint h_sp, lower schedule goes above 1.0 -
2023-11-07 10:38:42,658 - root - WARNING - WeatherFile, input relative humidity is out of range [-0.001, 1] [-]
2023-11-07 10:38:43,861 - root - WARNING - Setpoint t_sp, lower schedule goes below -50.0 °C
2023-11-07 10:38:43,877 - root - WARNING - Setpoint t_sp, lower schedule goes above 60.0 °C
2023-11-07 10:38:43,877 - root - WARNING - Setpoint h_sp, lower schedule goes below 0.0 -
2023-11-07 10:38:43,877 - root - WARNING - Setpoint h_sp, lower schedule goes above 1.0 -
2023-11-07 10:38:43,893 - root - WARNING - Setpoint t_sp, lower schedule goes below -50.0 °C
2023-11-07 10:38:43,893 - root - WARNING - Setpoint t_sp, lower schedule goes above 60.0 °C
2023-11-07 10:38:43,893 - root - WARNING - Setpoint h_sp, lower schedule goes below 0.0 -
2023-11-07 10:38:43,893 - root - WARNING - Setpoint h_sp, lower schedule goes above 1.0 -
2023-11-07 10:38:43,908 - root - WARNING - Setpoint t_sp, lower schedule goes below -50.0 °C
2023-11-07 10:38:43,908 - root - WARNING - Setpoint t_sp, lower schedule goes above 60.0 °C
2023-11-07 10:38:43,908 - root - WARNING - Setpoint h_sp, lower schedule goes below 0.0 -
2023-11-07 10:38:43,908 - root - WARNING - Setpoint h_sp, lower schedule goes above 1.0 -
2023-11-07 10:38:43,940 - root - WARNING - Setpoint t_sp, lower schedule goes below -50.0 °C
2023-11-07 10:38:43,940 - root - WARNING - Setpoint t_sp, lower schedule goes above 60.0 °C
2023-11-07 10:38:43,940 - root - WARNING - Setpoint h_sp, lower schedule goes below 0.0 -
2023-11-07 10:38:43,940 - root - WARNING - Setpoint h_sp, lower schedule goes above 1.0 -
2023-11-07 10:38:43,955 - root - WARNING - Setpoint t_sp, lower schedule goes below -50.0 °C
2023-11-07 10:38:43,955 - root - WARNING - Setpoint t_sp, lower schedule goes above 60.0 °C
2023-11-07 10:38:43,955 - root - WARNING - Setpoint h_sp, lower schedule goes below 0.0 -
2023-11-07 10:38:43,955 - root - WARNING - Setpoint h_sp, lower schedule goes above 1.0 -
2023-11-07 10:38:43,986 - root - WARNING - Setpoint t_sp, lower schedule goes below -50.0 °C
2023-11-07 10:38:43,986 - root - WARNING - Setpoint t_sp, lower schedule goes above 60.0 °C
2023-11-07 10:38:43,986 - root - WARNING - Setpoint h_sp, lower schedule goes below 0.0 -
2023-11-07 10:38:43,986 - root - WARNING - Setpoint h_sp, lower schedule goes above 1.0 -
2023-11-07 10:38:44,002 - root - WARNING - Setpoint t_sp, lower schedule goes below -50.0 °C
2023-11-07 10:38:44,002 - root - WARNING - Setpoint t_sp, lower schedule goes above 60.0 °C
2023-11-07 10:38:44,002 - root - WARNING - Setpoint h_sp, lower schedule goes below 0.0 -
2023-11-07 10:38:44,002 - root - WARNING - Setpoint h_sp, lower schedule goes above 1.0 -
2023-11-07 10:38:44,033 - root - WARNING - Setpoint t_sp, lower schedule goes below -50.0 °C
2023-11-07 10:38:44,033 - root - WARNING - Setpoint t_sp, lower schedule goes above 60.0 °C
2023-11-07 10:38:44,033 - root - WARNING - Setpoint h_sp, lower schedule goes below 0.0 -
2023-11-07 10:38:44,033 - root - WARNING - Setpoint h_sp, lower schedule goes above 1.0 -
2023-11-07 10:38:44,049 - root - WARNING - Setpoint t_sp, lower schedule goes below -50.0 °C
2023-11-07 10:38:44,049 - root - WARNING - Setpoint t_sp, lower schedule goes above 60.0 °C
2023-11-07 10:38:44,049 - root - WARNING - Setpoint h_sp, lower schedule goes below 0.0 -
2023-11-07 10:38:44,049 - root - WARNING - Setpoint h_sp, lower schedule goes above 1.0 -
2023-11-07 10:38:44,080 - root - WARNING - Setpoint t_sp, lower schedule goes below -50.0 °C
2023-11-07 10:38:44,080 - root - WARNING - Setpoint t_sp, lower schedule goes above 60.0 °C
2023-11-07 10:38:44,080 - root - WARNING - Setpoint h_sp, lower schedule goes below 0.0 -
2023-11-07 10:38:44,080 - root - WARNING - Setpoint h_sp, lower schedule goes above 1.0 -
2023-11-07 10:38:44,096 - root - WARNING - Setpoint t_sp, lower schedule goes below -50.0 °C
2023-11-07 10:38:44,096 - root - WARNING - Setpoint t_sp, lower schedule goes above 60.0 °C
2023-11-07 10:38:44,096 - root - WARNING - Setpoint h_sp, lower schedule goes below 0.0 -
2023-11-07 10:38:44,096 - root - WARNING - Setpoint h_sp, lower schedule goes above 1.0 -
2023-11-07 10:38:44,111 - root - WARNING - Setpoint t_sp, lower schedule goes below -50.0 °C
2023-11-07 10:38:44,111 - root - WARNING - Setpoint t_sp, lower schedule goes above 60.0 °C
2023-11-07 10:38:44,127 - root - WARNING - Setpoint h_sp, lower schedule goes below 0.0 -
2023-11-07 10:38:44,127 - root - WARNING - Setpoint h_sp, lower schedule goes above 1.0 -
2023-11-07 10:38:44,143 - root - WARNING - Setpoint t_sp, lower schedule goes below -50.0 °C
2023-11-07 10:38:44,143 - root - WARNING - Setpoint t_sp, lower schedule goes above 60.0 °C
2023-11-07 10:38:44,143 - root - WARNING - Setpoint h_sp, lower schedule goes below 0.0 -
2023-11-07 10:38:44,143 - root - WARNING - Setpoint h_sp, lower schedule goes above 1.0 -
2023-11-07 10:38:44,158 - root - WARNING - Setpoint t_sp, lower schedule goes below -50.0 °C
2023-11-07 10:38:44,158 - root - WARNING - Setpoint t_sp, lower schedule goes above 60.0 °C
2023-11-07 10:38:44,158 - root - WARNING - Setpoint h_sp, lower schedule goes below 0.0 -
2023-11-07 10:38:44,158 - root - WARNING - Setpoint h_sp, lower schedule goes above 1.0 -
2023-11-07 10:47:30,996 - root - WARNING - WeatherFile, input relative humidity is out of range [-0.001, 1] [-]
2023-11-07 10:47:32,061 - root - WARNING - Setpoint t_sp, lower schedule goes below -50.0 °C
2023-11-07 10:47:32,061 - root - WARNING - Setpoint t_sp, lower schedule goes above 60.0 °C
2023-11-07 10:47:32,061 - root - WARNING - Setpoint h_sp, lower schedule goes below 0.0 -
2023-11-07 10:47:32,061 - root - WARNING - Setpoint h_sp, lower schedule goes above 1.0 -
2023-11-07 10:47:32,092 - root - WARNING - Setpoint t_sp, lower schedule goes below -50.0 °C
2023-11-07 10:47:32,092 - root - WARNING - Setpoint t_sp, lower schedule goes above 60.0 °C
2023-11-07 10:47:32,092 - root - WARNING - Setpoint h_sp, lower schedule goes below 0.0 -
2023-11-07 10:47:32,092 - root - WARNING - Setpoint h_sp, lower schedule goes above 1.0 -
2023-11-07 10:47:32,107 - root - WARNING - Setpoint t_sp, lower schedule goes below -50.0 °C
2023-11-07 10:47:32,107 - root - WARNING - Setpoint t_sp, lower schedule goes above 60.0 °C
2023-11-07 10:47:32,107 - root - WARNING - Setpoint h_sp, lower schedule goes below 0.0 -
2023-11-07 10:47:32,107 - root - WARNING - Setpoint h_sp, lower schedule goes above 1.0 -
2023-11-07 10:47:32,139 - root - WARNING - Setpoint t_sp, lower schedule goes below -50.0 °C
2023-11-07 10:47:32,139 - root - WARNING - Setpoint t_sp, lower schedule goes above 60.0 °C
2023-11-07 10:47:32,139 - root - WARNING - Setpoint h_sp, lower schedule goes below 0.0 -
2023-11-07 10:47:32,139 - root - WARNING - Setpoint h_sp, lower schedule goes above 1.0 -
2023-11-07 10:47:32,154 - root - WARNING - Setpoint t_sp, lower schedule goes below -50.0 °C
2023-11-07 10:47:32,154 - root - WARNING - Setpoint t_sp, lower schedule goes above 60.0 °C
2023-11-07 10:47:32,154 - root - WARNING - Setpoint h_sp, lower schedule goes below 0.0 -
2023-11-07 10:47:32,154 - root - WARNING - Setpoint h_sp, lower schedule goes above 1.0 -
2023-11-07 10:47:32,186 - root - WARNING - Setpoint t_sp, lower schedule goes below -50.0 °C
2023-11-07 10:47:32,186 - root - WARNING - Setpoint t_sp, lower schedule goes above 60.0 °C
2023-11-07 10:47:32,186 - root - WARNING - Setpoint h_sp, lower schedule goes below 0.0 -
2023-11-07 10:47:32,186 - root - WARNING - Setpoint h_sp, lower schedule goes above 1.0 -
2023-11-07 10:47:32,201 - root - WARNING - Setpoint t_sp, lower schedule goes below -50.0 °C
2023-11-07 10:47:32,201 - root - WARNING - Setpoint t_sp, lower schedule goes above 60.0 °C
2023-11-07 10:47:32,201 - root - WARNING - Setpoint h_sp, lower schedule goes below 0.0 -
2023-11-07 10:47:32,201 - root - WARNING - Setpoint h_sp, lower schedule goes above 1.0 -
2023-11-07 10:47:32,232 - root - WARNING - Setpoint t_sp, lower schedule goes below -50.0 °C
2023-11-07 10:47:32,232 - root - WARNING - Setpoint t_sp, lower schedule goes above 60.0 °C
2023-11-07 10:47:32,232 - root - WARNING - Setpoint h_sp, lower schedule goes below 0.0 -
2023-11-07 10:47:32,232 - root - WARNING - Setpoint h_sp, lower schedule goes above 1.0 -
2023-11-07 10:47:32,248 - root - WARNING - Setpoint t_sp, lower schedule goes below -50.0 °C
2023-11-07 10:47:32,248 - root - WARNING - Setpoint t_sp, lower schedule goes above 60.0 °C
2023-11-07 10:47:32,248 - root - WARNING - Setpoint h_sp, lower schedule goes below 0.0 -
2023-11-07 10:47:32,248 - root - WARNING - Setpoint h_sp, lower schedule goes above 1.0 -
2023-11-07 10:47:32,279 - root - WARNING - Setpoint t_sp, lower schedule goes below -50.0 °C
2023-11-07 10:47:32,279 - root - WARNING - Setpoint t_sp, lower schedule goes above 60.0 °C
2023-11-07 10:47:32,279 - root - WARNING - Setpoint h_sp, lower schedule goes below 0.0 -
2023-11-07 10:47:32,279 - root - WARNING - Setpoint h_sp, lower schedule goes above 1.0 -
2023-11-07 10:47:32,295 - root - WARNING - Setpoint t_sp, lower schedule goes below -50.0 °C
2023-11-07 10:47:32,295 - root - WARNING - Setpoint t_sp, lower schedule goes above 60.0 °C
2023-11-07 10:47:32,295 - root - WARNING - Setpoint h_sp, lower schedule goes below 0.0 -
2023-11-07 10:47:32,295 - root - WARNING - Setpoint h_sp, lower schedule goes above 1.0 -
2023-11-07 10:47:32,326 - root - WARNING - Setpoint t_sp, lower schedule goes below -50.0 °C
2023-11-07 10:47:32,326 - root - WARNING - Setpoint t_sp, lower schedule goes above 60.0 °C
2023-11-07 10:47:32,326 - root - WARNING - Setpoint h_sp, lower schedule goes below 0.0 -
2023-11-07 10:47:32,326 - root - WARNING - Setpoint h_sp, lower schedule goes above 1.0 -
2023-11-07 10:47:32,342 - root - WARNING - Setpoint t_sp, lower schedule goes below -50.0 °C
2023-11-07 10:47:32,342 - root - WARNING - Setpoint t_sp, lower schedule goes above 60.0 °C
2023-11-07 10:47:32,342 - root - WARNING - Setpoint h_sp, lower schedule goes below 0.0 -
2023-11-07 10:47:32,342 - root - WARNING - Setpoint h_sp, lower schedule goes above 1.0 -
2023-11-07 10:47:32,373 - root - WARNING - Setpoint t_sp, lower schedule goes below -50.0 °C
2023-11-07 10:47:32,373 - root - WARNING - Setpoint t_sp, lower schedule goes above 60.0 °C
2023-11-07 10:47:32,373 - root - WARNING - Setpoint h_sp, lower schedule goes below 0.0 -
2023-11-07 10:47:32,373 - root - WARNING - Setpoint h_sp, lower schedule goes above 1.0 -
2023-11-07 10:47:56,004 - root - WARNING - WeatherFile, input relative humidity is out of range [-0.001, 1] [-]
2023-11-07 10:47:57,081 - root - WARNING - Setpoint t_sp, lower schedule goes below -50.0 °C
2023-11-07 10:47:57,096 - root - WARNING - Setpoint t_sp, lower schedule goes above 60.0 °C
2023-11-07 10:47:57,096 - root - WARNING - Setpoint h_sp, lower schedule goes below 0.0 -
2023-11-07 10:47:57,096 - root - WARNING - Setpoint h_sp, lower schedule goes above 1.0 -
2023-11-07 10:47:57,112 - root - WARNING - Setpoint t_sp, lower schedule goes below -50.0 °C
2023-11-07 10:47:57,112 - root - WARNING - Setpoint t_sp, lower schedule goes above 60.0 °C
2023-11-07 10:47:57,112 - root - WARNING - Setpoint h_sp, lower schedule goes below 0.0 -
2023-11-07 10:47:57,112 - root - WARNING - Setpoint h_sp, lower schedule goes above 1.0 -
2023-11-07 10:47:57,127 - root - WARNING - Setpoint t_sp, lower schedule goes below -50.0 °C
2023-11-07 10:47:57,127 - root - WARNING - Setpoint t_sp, lower schedule goes above 60.0 °C
2023-11-07 10:47:57,127 - root - WARNING - Setpoint h_sp, lower schedule goes below 0.0 -
2023-11-07 10:47:57,143 - root - WARNING - Setpoint h_sp, lower schedule goes above 1.0 -
2023-11-07 10:47:57,159 - root - WARNING - Setpoint t_sp, lower schedule goes below -50.0 °C
2023-11-07 10:47:57,159 - root - WARNING - Setpoint t_sp, lower schedule goes above 60.0 °C
2023-11-07 10:47:57,159 - root - WARNING - Setpoint h_sp, lower schedule goes below 0.0 -
2023-11-07 10:47:57,159 - root - WARNING - Setpoint h_sp, lower schedule goes above 1.0 -
2023-11-07 10:47:57,174 - root - WARNING - Setpoint t_sp, lower schedule goes below -50.0 °C
2023-11-07 10:47:57,174 - root - WARNING - Setpoint t_sp, lower schedule goes above 60.0 °C
2023-11-07 10:47:57,174 - root - WARNING - Setpoint h_sp, lower schedule goes below 0.0 -
2023-11-07 10:47:57,190 - root - WARNING - Setpoint h_sp, lower schedule goes above 1.0 -
2023-11-07 10:47:57,206 - root - WARNING - Setpoint t_sp, lower schedule goes below -50.0 °C
2023-11-07 10:47:57,206 - root - WARNING - Setpoint t_sp, lower schedule goes above 60.0 °C
2023-11-07 10:47:57,206 - root - WARNING - Setpoint h_sp, lower schedule goes below 0.0 -
2023-11-07 10:47:57,206 - root - WARNING - Setpoint h_sp, lower schedule goes above 1.0 -
2023-11-07 10:47:57,221 - root - WARNING - Setpoint t_sp, lower schedule goes below -50.0 °C
2023-11-07 10:47:57,221 - root - WARNING - Setpoint t_sp, lower schedule goes above 60.0 °C
2023-11-07 10:47:57,221 - root - WARNING - Setpoint h_sp, lower schedule goes below 0.0 -
2023-11-07 10:47:57,221 - root - WARNING - Setpoint h_sp, lower schedule goes above 1.0 -
2023-11-07 10:47:57,252 - root - WARNING - Setpoint t_sp, lower schedule goes below -50.0 °C
2023-11-07 10:47:57,252 - root - WARNING - Setpoint t_sp, lower schedule goes above 60.0 °C
2023-11-07 10:47:57,252 - root - WARNING - Setpoint h_sp, lower schedule goes below 0.0 -
2023-11-07 10:47:57,252 - root - WARNING - Setpoint h_sp, lower schedule goes above 1.0 -
2023-11-07 10:47:57,268 - root - WARNING - Setpoint t_sp, lower schedule goes below -50.0 °C
2023-11-07 10:47:57,268 - root - WARNING - Setpoint t_sp, lower schedule goes above 60.0 °C
2023-11-07 10:47:57,284 - root - WARNING - Setpoint h_sp, lower schedule goes below 0.0 -
2023-11-07 10:47:57,284 - root - WARNING - Setpoint h_sp, lower schedule goes above 1.0 -
2023-11-07 10:47:57,299 - root - WARNING - Setpoint t_sp, lower schedule goes below -50.0 °C
2023-11-07 10:47:57,299 - root - WARNING - Setpoint t_sp, lower schedule goes above 60.0 °C
2023-11-07 10:47:57,299 - root - WARNING - Setpoint h_sp, lower schedule goes below 0.0 -
2023-11-07 10:47:57,299 - root - WARNING - Setpoint h_sp, lower schedule goes above 1.0 -
2023-11-07 10:47:57,315 - root - WARNING - Setpoint t_sp, lower schedule goes below -50.0 °C
2023-11-07 10:47:57,315 - root - WARNING - Setpoint t_sp, lower schedule goes above 60.0 °C
2023-11-07 10:47:57,315 - root - WARNING - Setpoint h_sp, lower schedule goes below 0.0 -
2023-11-07 10:47:57,331 - root - WARNING - Setpoint h_sp, lower schedule goes above 1.0 -
2023-11-07 10:47:57,346 - root - WARNING - Setpoint t_sp, lower schedule goes below -50.0 °C
2023-11-07 10:47:57,346 - root - WARNING - Setpoint t_sp, lower schedule goes above 60.0 °C
2023-11-07 10:47:57,346 - root - WARNING - Setpoint h_sp, lower schedule goes below 0.0 -
2023-11-07 10:47:57,346 - root - WARNING - Setpoint h_sp, lower schedule goes above 1.0 -
2023-11-07 10:47:57,362 - root - WARNING - Setpoint t_sp, lower schedule goes below -50.0 °C
2023-11-07 10:47:57,362 - root - WARNING - Setpoint t_sp, lower schedule goes above 60.0 °C
2023-11-07 10:47:57,362 - root - WARNING - Setpoint h_sp, lower schedule goes below 0.0 -
2023-11-07 10:47:57,362 - root - WARNING - Setpoint h_sp, lower schedule goes above 1.0 -
2023-11-07 10:47:57,393 - root - WARNING - Setpoint t_sp, lower schedule goes below -50.0 °C
2023-11-07 10:47:57,393 - root - WARNING - Setpoint t_sp, lower schedule goes above 60.0 °C
2023-11-07 10:47:57,393 - root - WARNING - Setpoint h_sp, lower schedule goes below 0.0 -
2023-11-07 10:47:57,393 - root - WARNING - Setpoint h_sp, lower schedule goes above 1.0 -
2023-11-07 11:43:35,900 - root - WARNING - WeatherFile, input relative humidity is out of range [-0.001, 1] [-]
2023-11-07 11:43:37,275 - root - WARNING - Setpoint t_sp, lower schedule goes below -50.0 °C
2023-11-07 11:43:37,275 - root - WARNING - Setpoint t_sp, lower schedule goes above 60.0 °C
2023-11-07 11:43:37,275 - root - WARNING - Setpoint h_sp, lower schedule goes below 0.0 -
2023-11-07 11:43:37,275 - root - WARNING - Setpoint h_sp, lower schedule goes above 1.0 -
2023-11-07 11:43:37,307 - root - WARNING - Setpoint t_sp, lower schedule goes below -50.0 °C
2023-11-07 11:43:37,307 - root - WARNING - Setpoint t_sp, lower schedule goes above 60.0 °C
2023-11-07 11:43:37,307 - root - WARNING - Setpoint h_sp, lower schedule goes below 0.0 -
2023-11-07 11:43:37,307 - root - WARNING - Setpoint h_sp, lower schedule goes above 1.0 -
2023-11-07 11:43:37,338 - root - WARNING - Setpoint t_sp, lower schedule goes below -50.0 °C
2023-11-07 11:43:37,338 - root - WARNING - Setpoint t_sp, lower schedule goes above 60.0 °C
2023-11-07 11:43:37,338 - root - WARNING - Setpoint h_sp, lower schedule goes below 0.0 -
2023-11-07 11:43:37,338 - root - WARNING - Setpoint h_sp, lower schedule goes above 1.0 -
2023-11-07 11:43:37,354 - root - WARNING - Setpoint t_sp, lower schedule goes below -50.0 °C
2023-11-07 11:43:37,354 - root - WARNING - Setpoint t_sp, lower schedule goes above 60.0 °C
2023-11-07 11:43:37,354 - root - WARNING - Setpoint h_sp, lower schedule goes below 0.0 -
2023-11-07 11:43:37,354 - root - WARNING - Setpoint h_sp, lower schedule goes above 1.0 -
2023-11-07 11:43:37,385 - root - WARNING - Setpoint t_sp, lower schedule goes below -50.0 °C
2023-11-07 11:43:37,385 - root - WARNING - Setpoint t_sp, lower schedule goes above 60.0 °C
2023-11-07 11:43:37,385 - root - WARNING - Setpoint h_sp, lower schedule goes below 0.0 -
2023-11-07 11:43:37,385 - root - WARNING - Setpoint h_sp, lower schedule goes above 1.0 -
2023-11-07 11:43:37,400 - root - WARNING - Setpoint t_sp, lower schedule goes below -50.0 °C
2023-11-07 11:43:37,400 - root - WARNING - Setpoint t_sp, lower schedule goes above 60.0 °C
2023-11-07 11:43:37,400 - root - WARNING - Setpoint h_sp, lower schedule goes below 0.0 -
2023-11-07 11:43:37,416 - root - WARNING - Setpoint h_sp, lower schedule goes above 1.0 -
2023-11-07 11:43:37,432 - root - WARNING - Setpoint t_sp, lower schedule goes below -50.0 °C
2023-11-07 11:43:37,432 - root - WARNING - Setpoint t_sp, lower schedule goes above 60.0 °C
2023-11-07 11:43:37,432 - root - WARNING - Setpoint h_sp, lower schedule goes below 0.0 -
2023-11-07 11:43:37,432 - root - WARNING - Setpoint h_sp, lower schedule goes above 1.0 -
2023-11-07 11:43:37,463 - root - WARNING - Setpoint t_sp, lower schedule goes below -50.0 °C
2023-11-07 11:43:37,463 - root - WARNING - Setpoint t_sp, lower schedule goes above 60.0 °C
2023-11-07 11:43:37,463 - root - WARNING - Setpoint h_sp, lower schedule goes below 0.0 -
2023-11-07 11:43:37,463 - root - WARNING - Setpoint h_sp, lower schedule goes above 1.0 -
2023-11-07 11:43:37,494 - root - WARNING - Setpoint t_sp, lower schedule goes below -50.0 °C
2023-11-07 11:43:37,494 - root - WARNING - Setpoint t_sp, lower schedule goes above 60.0 °C
2023-11-07 11:43:37,494 - root - WARNING - Setpoint h_sp, lower schedule goes below 0.0 -
2023-11-07 11:43:37,494 - root - WARNING - Setpoint h_sp, lower schedule goes above 1.0 -
2023-11-07 11:43:37,525 - root - WARNING - Setpoint t_sp, lower schedule goes below -50.0 °C
2023-11-07 11:43:37,525 - root - WARNING - Setpoint t_sp, lower schedule goes above 60.0 °C
2023-11-07 11:43:37,525 - root - WARNING - Setpoint h_sp, lower schedule goes below 0.0 -
2023-11-07 11:43:37,541 - root - WARNING - Setpoint h_sp, lower schedule goes above 1.0 -
2023-11-07 11:43:37,557 - root - WARNING - Setpoint t_sp, lower schedule goes below -50.0 °C
2023-11-07 11:43:37,572 - root - WARNING - Setpoint t_sp, lower schedule goes above 60.0 °C
2023-11-07 11:43:37,572 - root - WARNING - Setpoint h_sp, lower schedule goes below 0.0 -
2023-11-07 11:43:37,572 - root - WARNING - Setpoint h_sp, lower schedule goes above 1.0 -
2023-11-07 11:43:37,604 - root - WARNING - Setpoint t_sp, lower schedule goes below -50.0 °C
2023-11-07 11:43:37,604 - root - WARNING - Setpoint t_sp, lower schedule goes above 60.0 °C
2023-11-07 11:43:37,604 - root - WARNING - Setpoint h_sp, lower schedule goes below 0.0 -
2023-11-07 11:43:37,604 - root - WARNING - Setpoint h_sp, lower schedule goes above 1.0 -
2023-11-07 11:43:37,619 - root - WARNING - Setpoint t_sp, lower schedule goes below -50.0 °C
2023-11-07 11:43:37,635 - root - WARNING - Setpoint t_sp, lower schedule goes above 60.0 °C
2023-11-07 11:43:37,635 - root - WARNING - Setpoint h_sp, lower schedule goes below 0.0 -
2023-11-07 11:43:37,635 - root - WARNING - Setpoint h_sp, lower schedule goes above 1.0 -
2023-11-07 11:43:37,650 - root - WARNING - Setpoint t_sp, lower schedule goes below -50.0 °C
2023-11-07 11:43:37,650 - root - WARNING - Setpoint t_sp, lower schedule goes above 60.0 °C
2023-11-07 11:43:37,650 - root - WARNING - Setpoint h_sp, lower schedule goes below 0.0 -
2023-11-07 11:43:37,650 - root - WARNING - Setpoint h_sp, lower schedule goes above 1.0 -
2023-11-07 11:44:32,949 - root - WARNING - WeatherFile, input relative humidity is out of range [-0.001, 1] [-]
2023-11-07 11:44:33,996 - root - WARNING - Setpoint t_sp, lower schedule goes below -50.0 °C
2023-11-07 11:44:33,996 - root - WARNING - Setpoint t_sp, lower schedule goes above 60.0 °C
2023-11-07 11:44:33,996 - root - WARNING - Setpoint h_sp, lower schedule goes below 0.0 -
2023-11-07 11:44:33,996 - root - WARNING - Setpoint h_sp, lower schedule goes above 1.0 -
2023-11-07 11:44:34,027 - root - WARNING - Setpoint t_sp, lower schedule goes below -50.0 °C
2023-11-07 11:44:34,027 - root - WARNING - Setpoint t_sp, lower schedule goes above 60.0 °C
2023-11-07 11:44:34,027 - root - WARNING - Setpoint h_sp, lower schedule goes below 0.0 -
2023-11-07 11:44:34,027 - root - WARNING - Setpoint h_sp, lower schedule goes above 1.0 -
2023-11-07 11:44:34,043 - root - WARNING - Setpoint t_sp, lower schedule goes below -50.0 °C
2023-11-07 11:44:34,043 - root - WARNING - Setpoint t_sp, lower schedule goes above 60.0 °C
2023-11-07 11:44:34,043 - root - WARNING - Setpoint h_sp, lower schedule goes below 0.0 -
2023-11-07 11:44:34,043 - root - WARNING - Setpoint h_sp, lower schedule goes above 1.0 -
2023-11-07 11:44:34,074 - root - WARNING - Setpoint t_sp, lower schedule goes below -50.0 °C
2023-11-07 11:44:34,074 - root - WARNING - Setpoint t_sp, lower schedule goes above 60.0 °C
2023-11-07 11:44:34,074 - root - WARNING - Setpoint h_sp, lower schedule goes below 0.0 -
2023-11-07 11:44:34,074 - root - WARNING - Setpoint h_sp, lower schedule goes above 1.0 -
2023-11-07 11:44:34,090 - root - WARNING - Setpoint t_sp, lower schedule goes below -50.0 °C
2023-11-07 11:44:34,090 - root - WARNING - Setpoint t_sp, lower schedule goes above 60.0 °C
2023-11-07 11:44:34,090 - root - WARNING - Setpoint h_sp, lower schedule goes below 0.0 -
2023-11-07 11:44:34,090 - root - WARNING - Setpoint h_sp, lower schedule goes above 1.0 -
2023-11-07 11:44:34,121 - root - WARNING - Setpoint t_sp, lower schedule goes below -50.0 °C
2023-11-07 11:44:34,121 - root - WARNING - Setpoint t_sp, lower schedule goes above 60.0 °C
2023-11-07 11:44:34,121 - root - WARNING - Setpoint h_sp, lower schedule goes below 0.0 -
2023-11-07 11:44:34,121 - root - WARNING - Setpoint h_sp, lower schedule goes above 1.0 -
2023-11-07 11:44:34,136 - root - WARNING - Setpoint t_sp, lower schedule goes below -50.0 °C
2023-11-07 11:44:34,136 - root - WARNING - Setpoint t_sp, lower schedule goes above 60.0 °C
2023-11-07 11:44:34,136 - root - WARNING - Setpoint h_sp, lower schedule goes below 0.0 -
2023-11-07 11:44:34,136 - root - WARNING - Setpoint h_sp, lower schedule goes above 1.0 -
2023-11-07 11:44:34,168 - root - WARNING - Setpoint t_sp, lower schedule goes below -50.0 °C
2023-11-07 11:44:34,168 - root - WARNING - Setpoint t_sp, lower schedule goes above 60.0 °C
2023-11-07 11:44:34,168 - root - WARNING - Setpoint h_sp, lower schedule goes below 0.0 -
2023-11-07 11:44:34,168 - root - WARNING - Setpoint h_sp, lower schedule goes above 1.0 -
2023-11-07 11:44:34,183 - root - WARNING - Setpoint t_sp, lower schedule goes below -50.0 °C
2023-11-07 11:44:34,183 - root - WARNING - Setpoint t_sp, lower schedule goes above 60.0 °C
2023-11-07 11:44:34,199 - root - WARNING - Setpoint h_sp, lower schedule goes below 0.0 -
2023-11-07 11:44:34,199 - root - WARNING - Setpoint h_sp, lower schedule goes above 1.0 -
2023-11-07 11:44:34,215 - root - WARNING - Setpoint t_sp, lower schedule goes below -50.0 °C
2023-11-07 11:44:34,215 - root - WARNING - Setpoint t_sp, lower schedule goes above 60.0 °C
2023-11-07 11:44:34,215 - root - WARNING - Setpoint h_sp, lower schedule goes below 0.0 -
2023-11-07 11:44:34,215 - root - WARNING - Setpoint h_sp, lower schedule goes above 1.0 -
2023-11-07 11:44:34,230 - root - WARNING - Setpoint t_sp, lower schedule goes below -50.0 °C
2023-11-07 11:44:34,246 - root - WARNING - Setpoint t_sp, lower schedule goes above 60.0 °C
2023-11-07 11:44:34,246 - root - WARNING - Setpoint h_sp, lower schedule goes below 0.0 -
2023-11-07 11:44:34,246 - root - WARNING - Setpoint h_sp, lower schedule goes above 1.0 -
2023-11-07 11:44:34,261 - root - WARNING - Setpoint t_sp, lower schedule goes below -50.0 °C
2023-11-07 11:44:34,261 - root - WARNING - Setpoint t_sp, lower schedule goes above 60.0 °C
2023-11-07 11:44:34,261 - root - WARNING - Setpoint h_sp, lower schedule goes below 0.0 -
2023-11-07 11:44:34,261 - root - WARNING - Setpoint h_sp, lower schedule goes above 1.0 -
2023-11-07 11:44:34,293 - root - WARNING - Setpoint t_sp, lower schedule goes below -50.0 °C
2023-11-07 11:44:34,293 - root - WARNING - Setpoint t_sp, lower schedule goes above 60.0 °C
2023-11-07 11:44:34,293 - root - WARNING - Setpoint h_sp, lower schedule goes below 0.0 -
2023-11-07 11:44:34,293 - root - WARNING - Setpoint h_sp, lower schedule goes above 1.0 -
2023-11-07 11:44:34,308 - root - WARNING - Setpoint t_sp, lower schedule goes below -50.0 °C
2023-11-07 11:44:34,308 - root - WARNING - Setpoint t_sp, lower schedule goes above 60.0 °C
2023-11-07 11:44:34,308 - root - WARNING - Setpoint h_sp, lower schedule goes below 0.0 -
2023-11-07 11:44:34,308 - root - WARNING - Setpoint h_sp, lower schedule goes above 1.0 -
2023-11-07 11:47:21,808 - tornado.application - ERROR - Exception in callback functools.partial(<bound method OutStream._flush of <spyder_kernels.console.outstream.TTYOutStream object at 0x000002AE776D3C70>>)
Traceback (most recent call last):
  File "C:\Users\khaje\.conda\envs\eureca\lib\site-packages\tornado\ioloop.py", line 738, in _run_callback
    ret = callback()
  File "C:\Users\khaje\.conda\envs\eureca\lib\site-packages\ipykernel\iostream.py", line 604, in _flush
    self.session.send(
  File "C:\Users\khaje\.conda\envs\eureca\lib\site-packages\jupyter_client\session.py", line 850, in send
    to_send = self.serialize(msg, ident)
  File "C:\Users\khaje\.conda\envs\eureca\lib\site-packages\jupyter_client\session.py", line 719, in serialize
    content = self.pack(content)
  File "C:\Users\khaje\.conda\envs\eureca\lib\site-packages\jupyter_client\session.py", line 95, in json_packer
    return json.dumps(
  File "C:\Users\khaje\.conda\envs\eureca\lib\json\__init__.py", line 234, in dumps
    return cls(
  File "C:\Users\khaje\.conda\envs\eureca\lib\json\encoder.py", line 199, in encode
    chunks = self.iterencode(o, _one_shot=True)
  File "C:\Users\khaje\.conda\envs\eureca\lib\json\encoder.py", line 257, in iterencode
    return _iterencode(o, 0)
MemoryError
2023-11-07 11:47:23,314 - tornado.general - ERROR - Uncaught exception in ZMQStream callback
Traceback (most recent call last):
  File "C:\Users\khaje\.conda\envs\eureca\lib\site-packages\zmq\eventloop\zmqstream.py", line 584, in _run_callback
    f = callback(*args, **kwargs)
  File "C:\Users\khaje\.conda\envs\eureca\lib\site-packages\ipykernel\iostream.py", line 159, in _handle_event
    event_f()
  File "C:\Users\khaje\.conda\envs\eureca\lib\site-packages\ipykernel\iostream.py", line 587, in _flush
    data = self._flush_buffer()
  File "C:\Users\khaje\.conda\envs\eureca\lib\site-packages\ipykernel\iostream.py", line 668, in _flush_buffer
    data = buf.getvalue()
MemoryError
2023-11-07 11:47:23,326 - tornado.general - ERROR - Uncaught exception in zmqstream callback
Traceback (most recent call last):
  File "C:\Users\khaje\.conda\envs\eureca\lib\site-packages\zmq\eventloop\zmqstream.py", line 634, in _handle_events
    self._handle_recv()
  File "C:\Users\khaje\.conda\envs\eureca\lib\site-packages\zmq\eventloop\zmqstream.py", line 663, in _handle_recv
    self._run_callback(callback, msg)
  File "C:\Users\khaje\.conda\envs\eureca\lib\site-packages\zmq\eventloop\zmqstream.py", line 584, in _run_callback
    f = callback(*args, **kwargs)
  File "C:\Users\khaje\.conda\envs\eureca\lib\site-packages\ipykernel\iostream.py", line 159, in _handle_event
    event_f()
  File "C:\Users\khaje\.conda\envs\eureca\lib\site-packages\ipykernel\iostream.py", line 587, in _flush
    data = self._flush_buffer()
  File "C:\Users\khaje\.conda\envs\eureca\lib\site-packages\ipykernel\iostream.py", line 668, in _flush_buffer
    data = buf.getvalue()
MemoryError
2023-11-07 11:47:23,341 - asyncio - ERROR - Exception in callback BaseAsyncIOLoop._handle_events(2488, 1)
handle: <Handle BaseAsyncIOLoop._handle_events(2488, 1)>
Traceback (most recent call last):
  File "C:\Users\khaje\.conda\envs\eureca\lib\asyncio\events.py", line 80, in _run
    self._context.run(self._callback, *self._args)
  File "C:\Users\khaje\.conda\envs\eureca\lib\site-packages\tornado\platform\asyncio.py", line 192, in _handle_events
    handler_func(fileobj, events)
  File "C:\Users\khaje\.conda\envs\eureca\lib\site-packages\zmq\eventloop\zmqstream.py", line 634, in _handle_events
    self._handle_recv()
  File "C:\Users\khaje\.conda\envs\eureca\lib\site-packages\zmq\eventloop\zmqstream.py", line 663, in _handle_recv
    self._run_callback(callback, msg)
  File "C:\Users\khaje\.conda\envs\eureca\lib\site-packages\zmq\eventloop\zmqstream.py", line 584, in _run_callback
    f = callback(*args, **kwargs)
  File "C:\Users\khaje\.conda\envs\eureca\lib\site-packages\ipykernel\iostream.py", line 159, in _handle_event
    event_f()
  File "C:\Users\khaje\.conda\envs\eureca\lib\site-packages\ipykernel\iostream.py", line 587, in _flush
    data = self._flush_buffer()
  File "C:\Users\khaje\.conda\envs\eureca\lib\site-packages\ipykernel\iostream.py", line 668, in _flush_buffer
    data = buf.getvalue()
MemoryError
